Start testing: Jan 16 16:50 CET
----------------------------------------------------------
1/32 Testing: test-global_id
1/32 Test: test-global_id
Command: "/Users/marcus/git/karbonit/bin/test-global_id"
Directory: /Users/marcus/git/karbonit/tests/carbon
"test-global_id" start time: Jan 16 16:50 CET
Output:
----------------------------------------------------------
[==========] Running 2 tests from 1 test suite.
[----------] Global test environment set-up.
[----------] 2 tests from GlobalIdTest
[ RUN      ] GlobalIdTest.CreateId
[       OK ] GlobalIdTest.CreateId (0 ms)
[ RUN      ] GlobalIdTest.CreateUniqueIds
[       OK ] GlobalIdTest.CreateUniqueIds (1666 ms)
[----------] 2 tests from GlobalIdTest (1666 ms total)

[----------] Global test environment tear-down
[==========] 2 tests from 1 test suite ran. (1666 ms total)
[  PASSED  ] 2 tests.
<end of output>
Test time =   1.82 sec
----------------------------------------------------------
Test Passed.
"test-global_id" end time: Jan 16 16:50 CET
"test-global_id" time elapsed: 00:00:01
----------------------------------------------------------

2/32 Testing: test-archive-ops
2/32 Test: test-archive-ops
Command: "/Users/marcus/git/karbonit/bin/test-archive-ops"
Directory: /Users/marcus/git/karbonit/tests/carbon
"test-archive-ops" start time: Jan 16 16:50 CET
Output:
----------------------------------------------------------
[==========] Running 8 tests from 1 test suite.
[----------] Global test environment set-up.
[----------] 8 tests from CarbonArchiveOpsTest
[ RUN      ] CarbonArchiveOpsTest.CreateStreamFromJsonString
[       OK ] CarbonArchiveOpsTest.CreateStreamFromJsonString (2900 ms)
[ RUN      ] CarbonArchiveOpsTest.CreateArchiveFromJsonString
[       OK ] CarbonArchiveOpsTest.CreateArchiveFromJsonString (2509 ms)
[ RUN      ] CarbonArchiveOpsTest.CreateArchiveFromJsonStringWithBakedStringIdIndex
[       OK ] CarbonArchiveOpsTest.CreateArchiveFromJsonStringWithBakedStringIdIndex (2298 ms)
[ RUN      ] CarbonArchiveOpsTest.CreateArchiveStringHandling
[       OK ] CarbonArchiveOpsTest.CreateArchiveStringHandling (3 ms)
[ RUN      ] CarbonArchiveOpsTest.DecodeStringByIdFullScan
DecodeStringByIdFullScan: 119 -> 'Smith'
DecodeStringByIdFullScan: 120 -> 'null'
DecodeStringByIdFullScan: 121 -> 'city'
DecodeStringByIdFullScan: 122 -> 'a16'
DecodeStringByIdFullScan: 123 -> 'a1'
DecodeStringByIdFullScan: 124 -> 'a21'
DecodeStringByIdFullScan: 18014398509482098 -> '123 456-7890'
DecodeStringByIdFullScan: 18014398509482099 -> 'office'
DecodeStringByIdFullScan: 18014398509482100 -> 'New York'
DecodeStringByIdFullScan: 18014398509482101 -> 'A'
DecodeStringByIdFullScan: 18014398509482102 -> 'postalCode'
DecodeStringByIdFullScan: 18014398509482103 -> 'streetAddress'
DecodeStringByIdFullScan: 18014398509482104 -> 'float1'
DecodeStringByIdFullScan: 18014398509482105 -> 'isAlive'
DecodeStringByIdFullScan: 18014398509482106 -> 'a17'
DecodeStringByIdFullScan: 18014398509482107 -> 'a20'
DecodeStringByIdFullScan: 18014398509482108 -> 'a'
DecodeStringByIdFullScan: 36028797018964080 -> 'home'
DecodeStringByIdFullScan: 36028797018964081 -> 'NY'
DecodeStringByIdFullScan: 36028797018964082 -> 'B'
DecodeStringByIdFullScan: 36028797018964083 -> 'n1'
DecodeStringByIdFullScan: 36028797018964084 -> 'address'
DecodeStringByIdFullScan: 36028797018964085 -> 'too largest'
DecodeStringByIdFullScan: 36028797018964086 -> 'larger'
DecodeStringByIdFullScan: 36028797018964087 -> 'large'
DecodeStringByIdFullScan: 36028797018964088 -> 'float2'
DecodeStringByIdFullScan: 36028797018964089 -> 'age'
DecodeStringByIdFullScan: 36028797018964090 -> 'a18'
DecodeStringByIdFullScan: 36028797018964091 -> 'b'
DecodeStringByIdFullScan: 36028797018964092 -> 'a3'
DecodeStringByIdFullScan: 54043195528446065 -> '10021-3100'
DecodeStringByIdFullScan: 54043195528446066 -> '21 2nd Street'
DecodeStringByIdFullScan: 54043195528446067 -> 'C'
DecodeStringByIdFullScan: 54043195528446068 -> 'spouse'
DecodeStringByIdFullScan: 54043195528446069 -> 'children'
DecodeStringByIdFullScan: 54043195528446070 -> 'n2'
DecodeStringByIdFullScan: 54043195528446071 -> 'too small'
DecodeStringByIdFullScan: 54043195528446072 -> 'float3'
DecodeStringByIdFullScan: 54043195528446073 -> 'a19'
DecodeStringByIdFullScan: 54043195528446074 -> 'a2'
DecodeStringByIdFullScan: 54043195528446075 -> 'a11'
DecodeStringByIdFullScan: 54043195528446076 -> 'c'
DecodeStringByIdFullScan: 72057594037928053 -> 'nested'
DecodeStringByIdFullScan: 72057594037928054 -> 'phoneNumbers'
DecodeStringByIdFullScan: 72057594037928055 -> 'float4'
DecodeStringByIdFullScan: 72057594037928056 -> 'firstName'
DecodeStringByIdFullScan: 72057594037928057 -> 'nested-array'
DecodeStringByIdFullScan: 72057594037928058 -> 'array'
DecodeStringByIdFullScan: 72057594037928059 -> 'a5'
DecodeStringByIdFullScan: 72057594037928060 -> 'a12'
DecodeStringByIdFullScan: 90071992547410038 -> '646 555-4567'
DecodeStringByIdFullScan: 90071992547410039 -> 'type'
DecodeStringByIdFullScan: 90071992547410040 -> 'nulls'
DecodeStringByIdFullScan: 90071992547410041 -> 'largest'
DecodeStringByIdFullScan: 90071992547410042 -> 'small'
DecodeStringByIdFullScan: 90071992547410043 -> 'a4'
DecodeStringByIdFullScan: 90071992547410044 -> 'a13'
DecodeStringByIdFullScan: 108086391056892026 -> 'number'
DecodeStringByIdFullScan: 108086391056892027 -> 'state'
DecodeStringByIdFullScan: 108086391056892028 -> 'a14'
DecodeStringByIdFullScan: 126100789566374006 -> 'mobile'
DecodeStringByIdFullScan: 126100789566374007 -> '212 555-1234'
DecodeStringByIdFullScan: 126100789566374008 -> 'John'
DecodeStringByIdFullScan: 126100789566374009 -> 'lastName'
DecodeStringByIdFullScan: 126100789566374010 -> 'a22'
DecodeStringByIdFullScan: 126100789566374011 -> 'a15'
DecodeStringByIdFullScan: 126100789566374012 -> '/'
[       OK ] CarbonArchiveOpsTest.DecodeStringByIdFullScan (2 ms)
[ RUN      ] CarbonArchiveOpsTest.DecodeStringByFastUnsafeAccess
119 -> 'Smith'
120 -> 'null'
121 -> 'city'
122 -> 'a16'
123 -> 'a1'
124 -> 'a21'
18014398509482098 -> '123 456-7890'
18014398509482099 -> 'office'
18014398509482100 -> 'New York'
18014398509482101 -> 'A'
18014398509482102 -> 'postalCode'
18014398509482103 -> 'streetAddress'
18014398509482104 -> 'float1'
18014398509482105 -> 'isAlive'
18014398509482106 -> 'a17'
18014398509482107 -> 'a20'
18014398509482108 -> 'a'
36028797018964080 -> 'home'
36028797018964081 -> 'NY'
36028797018964082 -> 'B'
36028797018964083 -> 'n1'
36028797018964084 -> 'address'
36028797018964085 -> 'too largest'
36028797018964086 -> 'larger'
36028797018964087 -> 'large'
36028797018964088 -> 'float2'
36028797018964089 -> 'age'
36028797018964090 -> 'a18'
36028797018964091 -> 'b'
36028797018964092 -> 'a3'
54043195528446065 -> '10021-3100'
54043195528446066 -> '21 2nd Street'
54043195528446067 -> 'C'
54043195528446068 -> 'spouse'
54043195528446069 -> 'children'
54043195528446070 -> 'n2'
54043195528446071 -> 'too small'
54043195528446072 -> 'float3'
54043195528446073 -> 'a19'
54043195528446074 -> 'a2'
54043195528446075 -> 'a11'
54043195528446076 -> 'c'
72057594037928053 -> 'nested'
72057594037928054 -> 'phoneNumbers'
72057594037928055 -> 'float4'
72057594037928056 -> 'firstName'
72057594037928057 -> 'nested-array'
72057594037928058 -> 'array'
72057594037928059 -> 'a5'
72057594037928060 -> 'a12'
90071992547410038 -> '646 555-4567'
90071992547410039 -> 'type'
90071992547410040 -> 'nulls'
90071992547410041 -> 'largest'
90071992547410042 -> 'small'
90071992547410043 -> 'a4'
90071992547410044 -> 'a13'
108086391056892026 -> 'number'
108086391056892027 -> 'state'
108086391056892028 -> 'a14'
126100789566374006 -> 'mobile'
126100789566374007 -> '212 555-1234'
126100789566374008 -> 'John'
126100789566374009 -> 'lastName'
126100789566374010 -> 'a22'
126100789566374011 -> 'a15'
126100789566374012 -> '/'
[       OK ] CarbonArchiveOpsTest.DecodeStringByFastUnsafeAccess (1 ms)
[ RUN      ] CarbonArchiveOpsTest.FindStringIdMatchingPredicateContains
MATCHED CONTAINS 36028797018964085 ('too largest')
MATCHED CONTAINS 36028797018964086 ('larger')
MATCHED CONTAINS 36028797018964087 ('large')
MATCHED CONTAINS 90071992547410041 ('largest')
[       OK ] CarbonArchiveOpsTest.FindStringIdMatchingPredicateContains (1 ms)
[ RUN      ] CarbonArchiveOpsTest.FindStringIdMatchingPredicateEquals
MATCHED EQUALS 72057594037928054 ('phoneNumbers')
[       OK ] CarbonArchiveOpsTest.FindStringIdMatchingPredicateEquals (1 ms)
[----------] 8 tests from CarbonArchiveOpsTest (7715 ms total)

[----------] Global test environment tear-down
[==========] 8 tests from 1 test suite ran. (7715 ms total)
[  PASSED  ] 8 tests.
<end of output>
Test time =   7.87 sec
----------------------------------------------------------
Test Passed.
"test-archive-ops" end time: Jan 16 16:51 CET
"test-archive-ops" time elapsed: 00:00:07
----------------------------------------------------------

3/32 Testing: test-fix-map
3/32 Test: test-fix-map
Command: "/Users/marcus/git/karbonit/bin/test-fix-map"
Directory: /Users/marcus/git/karbonit/tests/carbon
"test-fix-map" start time: Jan 16 16:51 CET
Output:
----------------------------------------------------------
[==========] Running 6 tests from 1 test suite.
[----------] Global test environment set-up.
[----------] 6 tests from FixMapTest
[ RUN      ] FixMapTest.CreationAndDrop
[       OK ] FixMapTest.CreationAndDrop (0 ms)
[ RUN      ] FixMapTest.MapAndGetWithoutRehash
[       OK ] FixMapTest.MapAndGetWithoutRehash (0 ms)
[ RUN      ] FixMapTest.MapAndGetWitRehash
[       OK ] FixMapTest.MapAndGetWitRehash (10 ms)
[ RUN      ] FixMapTest.DisplaceTest
Avg Displace: 0.215676
[       OK ] FixMapTest.DisplaceTest (11 ms)
[ RUN      ] FixMapTest.MapAndGetNotContainedWithoutRehash
[       OK ] FixMapTest.MapAndGetNotContainedWithoutRehash (0 ms)
[ RUN      ] FixMapTest.MapAndGetNotContainedWitRehash
[       OK ] FixMapTest.MapAndGetNotContainedWitRehash (2802 ms)
[----------] 6 tests from FixMapTest (2823 ms total)

[----------] Global test environment tear-down
[==========] 6 tests from 1 test suite ran. (2823 ms total)
[  PASSED  ] 6 tests.
<end of output>
Test time =   3.03 sec
----------------------------------------------------------
Test Passed.
"test-fix-map" end time: Jan 16 16:51 CET
"test-fix-map" time elapsed: 00:00:03
----------------------------------------------------------

4/32 Testing: test-archive-iter
4/32 Test: test-archive-iter
Command: "/Users/marcus/git/karbonit/bin/test-archive-iter"
Directory: /Users/marcus/git/karbonit/tests/carbon
"test-archive-iter" start time: Jan 16 16:51 CET
Output:
----------------------------------------------------------
[==========] Running 1 test from 1 test suite.
[----------] Global test environment set-up.
[----------] 1 test from ArchiveIterTest
[ RUN      ] ArchiveIterTest.CreateIterator
Key 126100789566374012, type: 12, is-array: 0
		{type: object, id: 14958460639444616935}
Key 123, type: 0, is-array: 0
		{ type: null }
Key 54043195528446075, type: 0, is-array: 0
		{ type: null }
Key 90071992547410044, type: 0, is-array: 0
		{ type: null }
Key 54043195528446069, type: 0, is-array: 0
		{ type: null }
Key 54043195528446068, type: 0, is-array: 0
		{ type: null }
Key 108086391056892028, type: 1, is-array: 0
		{ type: boolean, value: 1 }
Key 126100789566374011, type: 1, is-array: 0
		{ type: boolean, value: 0 }
Key 18014398509482105, type: 1, is-array: 0
		{ type: boolean, value: 1 }
Key 36028797018964089, type: 2, is-array: 0
		{ type: int8, value: 27 }
Key 90071992547410042, type: 5, is-array: 0
		{ type: int64, value: -9223372036854775808 }
Key 36028797018964087, type: 5, is-array: 0
		{ type: int64, value: 9223372036854775807 }
Key 54043195528446071, type: 5, is-array: 0
		{ type: int64, value: -9223372036854775808 }
Key 36028797018964086, type: 9, is-array: 0
		{ type: uint64, value: 9999999999999999999 }
Key 90071992547410041, type: 9, is-array: 0
		{ type: uint64, value: 18446744073709551615 }
Key 36028797018964085, type: 9, is-array: 0
		{ type: uint64, value: 18446744073709551615 }
Key 18014398509482104, type: 10, is-array: 0
		{ type: number, value: 27.000000 }
Key 36028797018964088, type: 10, is-array: 0
		{ type: number, value: 27.080000 }
Key 54043195528446072, type: 10, is-array: 0
		{ type: number, value: -27.080000 }
Key 72057594037928055, type: 10, is-array: 0
		{ type: number, value: -270799994880.000000 }
Key 72057594037928055, type: 10, is-array: 0
		{ type: number, value: 0.000000 }
Key 72057594037928056, type: 11, is-array: 0
		{ type: str_buf, value: 126100789566374008 }
Key 126100789566374009, type: 11, is-array: 0
		{ type: str_buf, value: 119 }
Key 126100789566374010, type: 12, is-array: 0
		{type: object, id: 1123402472492451559}
Key 72057594037928058, type: 12, is-array: 0
		{type: object, id: 14958460519184615143}
Key 72057594037928057, type: 2, is-array: 1
		{ type: int8_array, values: [1, 2, 3]
		{type: object, id: 5735088499509839591}
Key 18014398509482103, type: 11, is-array: 0
		{ type: str_buf, value: 54043195528446066 }
Key 121, type: 11, is-array: 0
		{ type: str_buf, value: 18014398509482100 }
Key 108086391056892027, type: 11, is-array: 0
		{ type: str_buf, value: 36028797018964081 }
Key 18014398509482102, type: 11, is-array: 0
		{ type: str_buf, value: 54043195528446065 }
Key 90071992547410040, type: 0, is-array: 1
		{ type: null }
Key 36028797018964084, type: 12, is-array: 0
		{type: object, id: 1123402472492451559}
Key 72057594037928058, type: 12, is-array: 0
		{type: object, id: 14958460519184615143}
Key 72057594037928057, type: 2, is-array: 1
		{ type: int8_array, values: [1, 2, 3]
		{type: object, id: 5735088499509839591}
Key 18014398509482103, type: 11, is-array: 0
		{ type: str_buf, value: 54043195528446066 }
Key 121, type: 11, is-array: 0
		{ type: str_buf, value: 18014398509482100 }
Key 108086391056892027, type: 11, is-array: 0
		{ type: str_buf, value: 36028797018964081 }
Key 18014398509482102, type: 11, is-array: 0
		{ type: str_buf, value: 54043195528446065 }
Key 90071992547410040, type: 0, is-array: 1
		{ type: null }
Key 72057594037928060, type: 0, is-array: 1
		{ type: null }
Key 122, type: 1, is-array: 1
		{ type: boolean_array, values: [1, 0]
Key 18014398509482106, type: 1, is-array: 1
		{ type: boolean_array, values: [1, 0, 127]
Key 36028797018964090, type: 1, is-array: 1
		{ type: boolean_array, values: [1, 0, 127]
Key 54043195528446073, type: 1, is-array: 1
		{ type: boolean_array, values: [127, 0, 1]
Key 54043195528446074, type: 2, is-array: 1
		{ type: int8_array, values: [1, 2, 3]
Key 36028797018964092, type: 10, is-array: 1
		{ type: numbers_array, values: [1.500000, 2.600000, 3.000000]
Key 90071992547410043, type: 10, is-array: 1
		{ type: numbers_array, values: [2000000000.000000, 2.600000, 3.000000]
Key 72057594037928059, type: 11, is-array: 1
		{ type: string_array, values: [18014398509482101, 36028797018964082, 54043195528446067]
		{ column groups for keys:124 72057594037928054 }
		{ column groups object ids:5735088508099839719 5735088516689839847 }
		{ column-name: 18014398509482108, type: 2 }
		{ entry positions:0 1 }
		{ int8s: [ 1]
		{ int8s: [ 2]
		{ column-name: 36028797018964091, type: 2 }
		{ entry positions:1 }
		{ int8s: [ 3]
		{ column-name: 54043195528446076, type: 2 }
		{ entry positions:1 }
		{ int8s: [ 3]
		{ column groups object ids:10346774543707227879 5735088533869840103 1123402524032452327 }
		{ column-name: 90071992547410039, type: 11 }
		{ entry positions:0 1 2 }
		{ strings: [36028797018964080]
		{ strings: [18014398509482099]
		{ strings: [126100789566374006]
		{ column-name: 108086391056892026, type: 11 }
		{ entry positions:0 1 2 }
		{ strings: [126100789566374007]
		{ strings: [90071992547410038]
		{ strings: [18014398509482098]
		{ column-name: 120, type: 0 }
		{ entry positions:0 1 }
		{ nulls: [1]
		{ nulls: [2]
		{ column-name: 72057594037928053, type: 12 }
		{ entry positions:0 1 2 }
		{ << objects >>: [{ oid: 10346774569477228263 } 
Key 36028797018964083, type: 2, is-array: 0
		{ type: int8, value: 1 }
Key 54043195528446070, type: 2, is-array: 0
		{ type: int8, value: 2 }
{ oid: 1123402541212452583 } 
Key 36028797018964083, type: 2, is-array: 0
		{ type: int8, value: 3 }
Key 54043195528446070, type: 2, is-array: 0
		{ type: int8, value: 4 }
]
		{ << objects >>: [{ oid: 1123402549802452711 } 
Key 18014398509482108, type: 2, is-array: 0
		{ type: int8, value: 1 }
Key 36028797018964091, type: 2, is-array: 0
		{ type: int8, value: 2 }
{ oid: 5735088576819840743 } 
Key 54043195528446076, type: 2, is-array: 0
		{ type: int8, value: 3 }
Key 36028797018964091, type: 2, is-array: 0
		{ type: int8, value: 4 }
]
		{ << objects >>: [{ oid: 1123402566982452967 } 
Key 18014398509482108, type: 2, is-array: 0
		{ type: int8, value: 1 }
Key 36028797018964091, type: 2, is-array: 0
		{ type: int8, value: 2 }
{ oid: 5735088593999840999 } 
Key 54043195528446076, type: 2, is-array: 0
		{ type: int8, value: 3 }
Key 36028797018964091, type: 2, is-array: 0
		{ type: int8, value: 4 }
]
[       OK ] ArchiveIterTest.CreateIterator (1 ms)
[----------] 1 test from ArchiveIterTest (1 ms total)

[----------] Global test environment tear-down
[==========] 1 test from 1 test suite ran. (1 ms total)
[  PASSED  ] 1 test.
<end of output>
Test time =   0.16 sec
----------------------------------------------------------
Test Passed.
"test-archive-iter" end time: Jan 16 16:51 CET
"test-archive-iter" time elapsed: 00:00:00
----------------------------------------------------------

5/32 Testing: test-archive-converter
5/32 Test: test-archive-converter
Command: "/Users/marcus/git/karbonit/bin/test-archive-converter"
Directory: /Users/marcus/git/karbonit/tests/carbon
"test-archive-converter" start time: Jan 16 16:51 CET
Output:
----------------------------------------------------------
[==========] Running 1 test from 1 test suite.
[----------] Global test environment set-up.
[----------] 1 test from ConverterTest
[ RUN      ] ConverterTest.PerformConversion
string_id_cache_info hits: 7   misses: 62   hit ratio: 10.1449   num evicted: 0



*******************************


{
   "a1": null, 
   "a11": null, 
   "a13": null, 
   "children": null, 
   "spouse": null, 
   "a14": "true", 
   "a15": "false", 
   "isAlive": "true", 
   "age": 27, 
   "small": -9223372036854775808, 
   "large": 9223372036854775807, 
   "too small": -9223372036854775808, 
   "larger": 9999999999999999999, 
   "largest": 18446744073709551615, 
   "too largest": 18446744073709551615, 
   "float1": 27.00, 
   "float2": 27.08, 
   "float3": -27.08, 
   "float4": -270799994880.00, 
   "float4": 0.01, 
   "firstName": "John", 
   "lastName": "Smith", 
   "a22": {
      "array": {
         "nested-array": [1, 2, 3]
      }
   }, 
   "address": {
      "streetAddress": "21 2nd Street", 
      "city": "New York", 
      "state": "NY", 
      "postalCode": "10021-3100", 
      "nulls": null
   }, 
   "a12": null, 
   "a16": [true, false], 
   "a17": [true, false, null], 
   "a18": [true, false, null], 
   "a19": [null, false, true], 
   "a2": [1, 2, 3], 
   "a3": [1.50, 2.60, 3.00], 
   "a4": [2000000000.00, 2.60, 3.00], 
   "a5": ["A", "B", "C"], 
   "a21": [
      {
         "a": 1
      },
      {
         "a": 2, 
         "b": 3, 
         "c": 3
      }
   ], 
   "phoneNumbers": [
      {
         "type": "home", 
         "number": "212 555-1234", 
         "null": null
      },
      {
         "type": "office", 
         "number": "646 555-4567", 
         "null": null
      },
      {
         "type": "mobile", 
         "number": "123 456-7890"
      }
   ]
}


** CLOSING *****************************


[       OK ] ConverterTest.PerformConversion (1234 ms)
[----------] 1 test from ConverterTest (1234 ms total)

[----------] Global test environment tear-down
[==========] 1 test from 1 test suite ran. (1234 ms total)
[  PASSED  ] 1 test.
<end of output>
Test time =   1.40 sec
----------------------------------------------------------
Test Passed.
"test-archive-converter" end time: Jan 16 16:51 CET
"test-archive-converter" time elapsed: 00:00:01
----------------------------------------------------------

6/32 Testing: test-varuint
6/32 Test: test-varuint
Command: "/Users/marcus/git/karbonit/bin/test-varuint"
Directory: /Users/marcus/git/karbonit/tests/carbon
"test-varuint" start time: Jan 16 16:51 CET
Output:
----------------------------------------------------------
[==========] Running 21 tests from 1 test suite.
[----------] Global test environment set-up.
[----------] 21 tests from VarUintTest
[ RUN      ] VarUintTest.ReadWrite1ByteMin
[       OK ] VarUintTest.ReadWrite1ByteMin (0 ms)
[ RUN      ] VarUintTest.ReadWrite1ByteMax
[       OK ] VarUintTest.ReadWrite1ByteMax (0 ms)
[ RUN      ] VarUintTest.ReadWrite2ByteMin
[       OK ] VarUintTest.ReadWrite2ByteMin (0 ms)
[ RUN      ] VarUintTest.ReadWrite2ByteMax
[       OK ] VarUintTest.ReadWrite2ByteMax (0 ms)
[ RUN      ] VarUintTest.ReadWrite3ByteMin
[       OK ] VarUintTest.ReadWrite3ByteMin (0 ms)
[ RUN      ] VarUintTest.ReadWrite3ByteMax
[       OK ] VarUintTest.ReadWrite3ByteMax (0 ms)
[ RUN      ] VarUintTest.ReadWrite4ByteMin
[       OK ] VarUintTest.ReadWrite4ByteMin (0 ms)
[ RUN      ] VarUintTest.ReadWrite4ByteMax
[       OK ] VarUintTest.ReadWrite4ByteMax (0 ms)
[ RUN      ] VarUintTest.ReadWrite5ByteMin
[       OK ] VarUintTest.ReadWrite5ByteMin (0 ms)
[ RUN      ] VarUintTest.ReadWrite5ByteMax
[       OK ] VarUintTest.ReadWrite5ByteMax (0 ms)
[ RUN      ] VarUintTest.ReadWrite6ByteMin
[       OK ] VarUintTest.ReadWrite6ByteMin (0 ms)
[ RUN      ] VarUintTest.ReadWrite6ByteMax
[       OK ] VarUintTest.ReadWrite6ByteMax (0 ms)
[ RUN      ] VarUintTest.ReadWrite7ByteMin
[       OK ] VarUintTest.ReadWrite7ByteMin (0 ms)
[ RUN      ] VarUintTest.ReadWrite7ByteMax
[       OK ] VarUintTest.ReadWrite7ByteMax (0 ms)
[ RUN      ] VarUintTest.ReadWrite8ByteMin
[       OK ] VarUintTest.ReadWrite8ByteMin (0 ms)
[ RUN      ] VarUintTest.ReadWrite8ByteMax
[       OK ] VarUintTest.ReadWrite8ByteMax (0 ms)
[ RUN      ] VarUintTest.ReadWrite9ByteMin
[       OK ] VarUintTest.ReadWrite9ByteMin (0 ms)
[ RUN      ] VarUintTest.ReadWrite9ByteMax
[       OK ] VarUintTest.ReadWrite9ByteMax (0 ms)
[ RUN      ] VarUintTest.ReadWrite10ByteMin
[       OK ] VarUintTest.ReadWrite10ByteMin (0 ms)
[ RUN      ] VarUintTest.ReadWrite10ByteMax
[       OK ] VarUintTest.ReadWrite10ByteMax (0 ms)
[ RUN      ] VarUintTest.ReadWriteRandValuesEncoding
[       OK ] VarUintTest.ReadWriteRandValuesEncoding (2 ms)
[----------] 21 tests from VarUintTest (2 ms total)

[----------] Global test environment tear-down
[==========] 21 tests from 1 test suite ran. (2 ms total)
[  PASSED  ] 21 tests.
<end of output>
Test time =   0.16 sec
----------------------------------------------------------
Test Passed.
"test-varuint" end time: Jan 16 16:51 CET
"test-varuint" time elapsed: 00:00:00
----------------------------------------------------------

7/32 Testing: test-mime
7/32 Test: test-mime
Command: "/Users/marcus/git/karbonit/bin/test-mime"
Directory: /Users/marcus/git/karbonit/tests/carbon
"test-mime" start time: Jan 16 16:51 CET
Output:
----------------------------------------------------------
[==========] Running 1 test from 1 test suite.
[----------] Global test environment set-up.
[----------] 1 test from MimeTypeTest
[ RUN      ] MimeTypeTest.TestMimeMapping
lookup id 0 for 'application/vnd.lotus-1-2-3' (123)
lookup id 1 for 'text/vnd.in3d.3dml' (3dml)
lookup id 2 for 'video/3gpp2' (3g2)
lookup id 3 for 'video/3gpp' (3gp)
lookup id 4 for 'application/x-7z-compressed' (7z)
lookup id 5 for 'application/x-authorware-bin' (aab)
lookup id 6 for 'audio/x-aac' (aac)
lookup id 7 for 'application/x-authorware-map' (aam)
lookup id 8 for 'application/x-authorware-seg' (aas)
lookup id 9 for 'application/x-abiword' (abw)
lookup id 10 for 'application/pkix-attr-cert' (ac)
lookup id 11 for 'application/vnd.americandynamics.acc' (acc)
lookup id 12 for 'application/x-ace-compressed' (ace)
lookup id 13 for 'application/vnd.acucobol' (acu)
lookup id 14 for 'audio/adpcm' (adp)
lookup id 15 for 'application/vnd.audiograph' (aep)
lookup id 16 for 'application/vnd.ibm.modcap' (afp)
lookup id 17 for 'application/vnd.ahead.space' (ahead)
lookup id 18 for 'application/postscript' (ai)
lookup id 19 for 'audio/x-aiff' (aif)
lookup id 20 for 'application/vnd.adobe.air-application-installer-package+zip' (air)
lookup id 21 for 'application/vnd.dvb.ait' (ait)
lookup id 22 for 'application/vnd.amiga.ami' (ami)
lookup id 23 for 'application/vnd.android.package-archive' (apk)
lookup id 24 for 'application/x-ms-application' (application)
lookup id 25 for 'application/vnd.lotus-approach' (apr)
lookup id 26 for 'video/x-ms-asf' (asf)
lookup id 27 for 'application/vnd.accpac.simply.aso' (aso)
lookup id 28 for 'application/vnd.acucorp' (atc)
lookup id 29 for 'application/atom+xml' (atom)
lookup id 30 for 'application/atomcat+xml' (atomcat)
lookup id 31 for 'application/atomsvc+xml' (atomsvc)
lookup id 32 for 'application/vnd.antix.game-component' (atx)
lookup id 33 for 'audio/basic' (au)
lookup id 34 for 'video/x-msvideo' (avi)
lookup id 35 for 'application/applixware' (aw)
lookup id 36 for 'application/vnd.airzip.filesecure.azf' (azf)
lookup id 37 for 'application/vnd.airzip.filesecure.azs' (azs)
lookup id 38 for 'application/vnd.amazon.ebook' (azw)
lookup id 39 for 'application/x-bcpio' (bcpio)
lookup id 40 for 'application/x-font-bdf' (bdf)
lookup id 41 for 'application/vnd.syncml.dm+wbxml' (bdm)
lookup id 42 for 'application/vnd.realvnc.bed' (bed)
lookup id 43 for 'application/vnd.fujitsu.oasysprs' (bh2)
lookup id 44 for 'application/octet-stream' (bin)
lookup id 45 for 'application/vnd.bmi' (bmi)
lookup id 46 for 'image/bmp' (bmp)
lookup id 47 for 'application/vnd.previewsystems.box' (box)
lookup id 48 for 'image/prs.btif' (btif)
lookup id 49 for 'application/x-bzip' (bz)
lookup id 50 for 'application/x-bzip2' (bz2)
lookup id 51 for 'text/x-c' (c)
lookup id 52 for 'application/vnd.cluetrust.cartomobile-config' (c11amc)
lookup id 53 for 'application/vnd.cluetrust.cartomobile-config-pkg' (c11amz)
lookup id 54 for 'application/vnd.clonk.c4group' (c4g)
lookup id 55 for 'application/vnd.ms-cab-compressed' (cab)
lookup id 56 for 'application/vnd.curl.car' (car)
lookup id 57 for 'application/vnd.ms-pki.seccat' (cat)
lookup id 58 for 'application/vnd.contact.cmsg' (cdbcmsg)
lookup id 59 for 'application/vnd.mediastation.cdkey' (cdkey)
lookup id 60 for 'application/cdmi-capability' (cdmia)
lookup id 61 for 'application/cdmi-container' (cdmic)
lookup id 62 for 'application/cdmi-domain' (cdmid)
lookup id 63 for 'application/cdmi-object' (cdmio)
lookup id 64 for 'application/cdmi-queue' (cdmiq)
lookup id 65 for 'chemical/x-cdx' (cdx)
lookup id 66 for 'application/vnd.chemdraw+xml' (cdxml)
lookup id 67 for 'application/vnd.cinderella' (cdy)
lookup id 68 for 'application/pkix-cert' (cer)
lookup id 69 for 'image/cgm' (cgm)
lookup id 70 for 'application/x-chat' (chat)
lookup id 71 for 'application/vnd.ms-htmlhelp' (chm)
lookup id 72 for 'application/vnd.kde.kchart' (chrt)
lookup id 73 for 'chemical/x-cif' (cif)
lookup id 74 for 'application/vnd.anser-web-certificate-issue-initiation' (cii)
lookup id 75 for 'application/vnd.ms-artgalry' (cil)
lookup id 76 for 'application/vnd.claymore' (cla)
lookup id 77 for 'application/java-vm' (class)
lookup id 78 for 'application/vnd.crick.clicker.keyboard' (clkk)
lookup id 79 for 'application/vnd.crick.clicker.palette' (clkp)
lookup id 80 for 'application/vnd.crick.clicker.template' (clkt)
lookup id 81 for 'application/vnd.crick.clicker.wordbank' (clkw)
lookup id 82 for 'application/vnd.crick.clicker' (clkx)
lookup id 83 for 'application/x-msclip' (clp)
lookup id 84 for 'application/vnd.cosmocaller' (cmc)
lookup id 85 for 'chemical/x-cmdf' (cmdf)
lookup id 86 for 'chemical/x-cml' (cml)
lookup id 87 for 'application/vnd.yellowriver-custom-menu' (cmp)
lookup id 88 for 'image/x-cmx' (cmx)
lookup id 89 for 'application/vnd.rim.cod' (cod)
lookup id 90 for 'application/x-cpio' (cpio)
lookup id 91 for 'application/mac-compactpro' (cpt)
lookup id 92 for 'application/x-mscardfile' (crd)
lookup id 93 for 'application/pkix-crl' (crl)
lookup id 94 for 'application/vnd.rig.cryptonote' (cryptonote)
lookup id 95 for 'application/x-csh' (csh)
lookup id 96 for 'chemical/x-csml' (csml)
lookup id 97 for 'application/vnd.commonspace' (csp)
lookup id 98 for 'text/css' (css)
lookup id 99 for 'text/csv' (csv)
lookup id 100 for 'application/cu-seeme' (cu)
lookup id 101 for 'text/vnd.curl' (curl)
lookup id 102 for 'application/prs.cww' (cww)
lookup id 103 for 'model/vnd.collada+xml' (dae)
lookup id 104 for 'application/vnd.mobius.daf' (daf)
lookup id 105 for 'application/davmount+xml' (davmount)
lookup id 106 for 'text/vnd.curl.dcurl' (dcurl)
lookup id 107 for 'application/vnd.oma.dd2+xml' (dd2)
lookup id 108 for 'application/vnd.fujixerox.ddd' (ddd)
lookup id 109 for 'application/x-debian-package' (deb)
lookup id 110 for 'application/x-x509-ca-cert' (der)
lookup id 111 for 'application/vnd.dreamfactory' (dfac)
lookup id 112 for 'application/x-director' (dir)
lookup id 113 for 'application/vnd.mobius.dis' (dis)
lookup id 114 for 'image/vnd.djvu' (djvu)
lookup id 115 for 'application/x-apple-diskimage' (dmg)
lookup id 116 for 'application/vnd.dna' (dna)
lookup id 117 for 'application/msword' (doc)
lookup id 118 for 'application/vnd.ms-word.document.macroenabled.12' (docm)
lookup id 119 for 'application/vnd.openxmlformats-officedocument.wordprocessingml.document' (docx)
lookup id 120 for 'application/vnd.ms-word.template.macroenabled.12' (dotm)
lookup id 121 for 'application/vnd.openxmlformats-officedocument.wordprocessingml.template' (dotx)
lookup id 122 for 'application/vnd.osgi.dp' (dp)
lookup id 123 for 'application/vnd.dpgraph' (dpg)
lookup id 124 for 'audio/vnd.dra' (dra)
lookup id 125 for 'text/prs.lines.tag' (dsc)
lookup id 126 for 'application/dssc+der' (dssc)
lookup id 127 for 'application/x-dtbook+xml' (dtb)
lookup id 128 for 'application/xml-dtd' (dtd)
lookup id 129 for 'audio/vnd.dts' (dts)
lookup id 130 for 'audio/vnd.dts.hd' (dtshd)
lookup id 131 for 'application/x-dvi' (dvi)
lookup id 132 for 'model/vnd.dwf' (dwf)
lookup id 133 for 'image/vnd.dwg' (dwg)
lookup id 134 for 'image/vnd.dxf' (dxf)
lookup id 135 for 'application/vnd.spotfire.dxp' (dxp)
lookup id 136 for 'audio/vnd.nuera.ecelp4800' (ecelp4800)
lookup id 137 for 'audio/vnd.nuera.ecelp7470' (ecelp7470)
lookup id 138 for 'audio/vnd.nuera.ecelp9600' (ecelp9600)
lookup id 139 for 'application/vnd.novadigm.edm' (edm)
lookup id 140 for 'application/vnd.novadigm.edx' (edx)
lookup id 141 for 'application/vnd.picsel' (efif)
lookup id 142 for 'application/vnd.pg.osasli' (ei6)
lookup id 143 for 'message/rfc822' (eml)
lookup id 144 for 'application/emma+xml' (emma)
lookup id 145 for 'audio/vnd.digital-winds' (eol)
lookup id 146 for 'application/vnd.ms-fontobject' (eot)
lookup id 147 for 'application/epub+zip' (epub)
lookup id 148 for 'application/ecmascript' (es)
lookup id 149 for 'application/vnd.eszigno3+xml' (es3)
lookup id 150 for 'application/vnd.epson.esf' (esf)
lookup id 151 for 'text/x-setext' (etx)
lookup id 152 for 'application/x-msdownload' (exe)
lookup id 153 for 'application/exi' (exi)
lookup id 154 for 'application/vnd.novadigm.ext' (ext)
lookup id 155 for 'application/vnd.ezpix-album' (ez2)
lookup id 156 for 'application/vnd.ezpix-package' (ez3)
lookup id 157 for 'text/x-fortran' (f)
lookup id 158 for 'video/x-f4v' (f4v)
lookup id 159 for 'image/vnd.fastbidsheet' (fbs)
lookup id 160 for 'application/vnd.isac.fcs' (fcs)
lookup id 161 for 'application/vnd.fdf' (fdf)
lookup id 162 for 'application/vnd.denovo.fcselayout-link' (fe_launch)
lookup id 163 for 'application/vnd.fujitsu.oasysgp' (fg5)
lookup id 164 for 'image/x-freehand' (fh)
lookup id 165 for 'application/x-xfig' (fig)
lookup id 166 for 'video/x-fli' (fli)
lookup id 167 for 'application/vnd.micrografx.flo' (flo)
lookup id 168 for 'video/x-flv' (flv)
lookup id 169 for 'application/vnd.kde.kivio' (flw)
lookup id 170 for 'text/vnd.fmi.flexstor' (flx)
lookup id 171 for 'text/vnd.fly' (fly)
lookup id 172 for 'application/vnd.framemaker' (fm)
lookup id 173 for 'application/vnd.frogans.fnc' (fnc)
lookup id 174 for 'image/vnd.fpx' (fpx)
lookup id 175 for 'application/vnd.fsc.weblaunch' (fsc)
lookup id 176 for 'image/vnd.fst' (fst)
lookup id 177 for 'application/vnd.fluxtime.clip' (ftc)
lookup id 178 for 'application/vnd.anser-web-funds-transfer-initiation' (fti)
lookup id 179 for 'video/vnd.fvt' (fvt)
lookup id 180 for 'application/vnd.adobe.fxp' (fxp)
lookup id 181 for 'application/vnd.fuzzysheet' (fzs)
lookup id 182 for 'application/vnd.geoplan' (g2w)
lookup id 183 for 'image/g3fax' (g3)
lookup id 184 for 'application/vnd.geospace' (g3w)
lookup id 185 for 'application/vnd.groove-account' (gac)
lookup id 186 for 'model/vnd.gdl' (gdl)
lookup id 187 for 'application/vnd.dynageo' (geo)
lookup id 188 for 'application/vnd.geometry-explorer' (gex)
lookup id 189 for 'application/vnd.geogebra.file' (ggb)
lookup id 190 for 'application/vnd.geogebra.tool' (ggt)
lookup id 191 for 'application/vnd.groove-help' (ghf)
lookup id 192 for 'image/gif' (gif)
lookup id 193 for 'application/vnd.groove-identity-message' (gim)
lookup id 194 for 'application/vnd.gmx' (gmx)
lookup id 195 for 'application/x-gnumeric' (gnumeric)
lookup id 196 for 'application/vnd.flographit' (gph)
lookup id 197 for 'application/vnd.grafeq' (gqf)
lookup id 198 for 'application/srgs' (gram)
lookup id 199 for 'application/vnd.groove-injector' (grv)
lookup id 200 for 'application/srgs+xml' (grxml)
lookup id 201 for 'application/x-font-ghostscript' (gsf)
lookup id 202 for 'application/x-gtar' (gtar)
lookup id 203 for 'application/vnd.groove-tool-message' (gtm)
lookup id 204 for 'model/vnd.gtw' (gtw)
lookup id 205 for 'text/vnd.graphviz' (gv)
lookup id 206 for 'application/vnd.geonext' (gxt)
lookup id 207 for 'video/h261' (h261)
lookup id 208 for 'video/h263' (h263)
lookup id 209 for 'video/h264' (h264)
lookup id 210 for 'application/vnd.hal+xml' (hal)
lookup id 211 for 'application/vnd.hbci' (hbci)
lookup id 212 for 'application/x-hdf' (hdf)
lookup id 213 for 'application/winhlp' (hlp)
lookup id 214 for 'application/vnd.hp-hpgl' (hpgl)
lookup id 215 for 'application/vnd.hp-hpid' (hpid)
lookup id 216 for 'application/vnd.hp-hps' (hps)
lookup id 217 for 'application/mac-binhex40' (hqx)
lookup id 218 for 'application/vnd.kenameaapp' (htke)
lookup id 219 for 'text/html' (html)
lookup id 220 for 'application/vnd.yamaha.hv-dic' (hvd)
lookup id 221 for 'application/vnd.yamaha.hv-voice' (hvp)
lookup id 222 for 'application/vnd.yamaha.hv-script' (hvs)
lookup id 223 for 'application/vnd.intergeo' (i2g)
lookup id 224 for 'application/vnd.iccprofile' (icc)
lookup id 225 for 'x-conference/x-cooltalk' (ice)
lookup id 226 for 'image/x-icon' (ico)
lookup id 227 for 'text/calendar' (ics)
lookup id 228 for 'image/ief' (ief)
lookup id 229 for 'application/vnd.shana.informed.formdata' (ifm)
lookup id 230 for 'application/vnd.igloader' (igl)
lookup id 231 for 'application/vnd.insors.igm' (igm)
lookup id 232 for 'model/iges' (igs)
lookup id 233 for 'application/vnd.micrografx.igx' (igx)
lookup id 234 for 'application/vnd.shana.informed.interchange' (iif)
lookup id 235 for 'application/vnd.accpac.simply.imp' (imp)
lookup id 236 for 'application/vnd.ms-ims' (ims)
lookup id 237 for 'application/ipfix' (ipfix)
lookup id 238 for 'application/vnd.shana.informed.package' (ipk)
lookup id 239 for 'application/vnd.ibm.rights-management' (irm)
lookup id 240 for 'application/vnd.irepository.package+xml' (irp)
lookup id 241 for 'application/vnd.shana.informed.formtemplate' (itp)
lookup id 242 for 'application/vnd.immervision-ivp' (ivp)
lookup id 243 for 'application/vnd.immervision-ivu' (ivu)
lookup id 244 for 'text/vnd.sun.j2me.app-descriptor' (jad)
lookup id 245 for 'application/vnd.jam' (jam)
lookup id 246 for 'application/java-archive' (jar)
lookup id 247 for 'text/x-java-source' (java)
lookup id 248 for 'application/vnd.jisp' (jisp)
lookup id 249 for 'application/vnd.hp-jlyt' (jlt)
lookup id 250 for 'application/x-java-jnlp-file' (jnlp)
lookup id 251 for 'application/vnd.joost.joda-archive' (joda)
lookup id 252 for 'image/jpeg' (jpeg)
lookup id 253 for 'video/jpeg' (jpgv)
lookup id 254 for 'video/jpm' (jpm)
lookup id 255 for 'application/javascript' (js)
lookup id 256 for 'application/json' (json)
lookup id 257 for 'application/vnd.kde.karbon' (karbon)
lookup id 258 for 'application/vnd.kde.kformula' (kfo)
lookup id 259 for 'application/vnd.kidspiration' (kia)
lookup id 260 for 'application/vnd.google-earth.kml+xml' (kml)
lookup id 261 for 'application/vnd.google-earth.kmz' (kmz)
lookup id 262 for 'application/vnd.kinar' (kne)
lookup id 263 for 'application/vnd.kde.kontour' (kon)
lookup id 264 for 'application/vnd.kde.kpresenter' (kpr)
lookup id 265 for 'application/vnd.kde.kspread' (ksp)
lookup id 266 for 'image/ktx' (ktx)
lookup id 267 for 'application/vnd.kahootz' (ktz)
lookup id 268 for 'application/vnd.kde.kword' (kwd)
lookup id 269 for 'application/vnd.las.las+xml' (lasxml)
lookup id 270 for 'application/x-latex' (latex)
lookup id 271 for 'application/vnd.llamagraphics.life-balance.desktop' (lbd)
lookup id 272 for 'application/vnd.llamagraphics.life-balance.exchange+xml' (lbe)
lookup id 273 for 'application/vnd.hhe.lesson-player' (les)
lookup id 274 for 'application/vnd.route66.link66+xml' (link66)
lookup id 275 for 'application/vnd.ms-lrm' (lrm)
lookup id 276 for 'application/vnd.frogans.ltf' (ltf)
lookup id 277 for 'audio/vnd.lucent.voice' (lvp)
lookup id 278 for 'application/vnd.lotus-wordpro' (lwp)
lookup id 279 for 'application/mp21' (m21)
lookup id 280 for 'audio/x-mpegurl' (m3u)
lookup id 281 for 'application/vnd.apple.mpegurl' (m3u8)
lookup id 282 for 'video/x-m4v' (m4v)
lookup id 283 for 'application/mathematica' (ma)
lookup id 284 for 'application/mads+xml' (mads)
lookup id 285 for 'application/vnd.ecowin.chart' (mag)
lookup id 286 for 'application/mathml+xml' (mathml)
lookup id 287 for 'application/vnd.mobius.mbk' (mbk)
lookup id 288 for 'application/mbox' (mbox)
lookup id 289 for 'application/vnd.medcalcdata' (mc1)
lookup id 290 for 'application/vnd.mcd' (mcd)
lookup id 291 for 'text/vnd.curl.mcurl' (mcurl)
lookup id 292 for 'application/x-msaccess' (mdb)
lookup id 293 for 'image/vnd.ms-modi' (mdi)
lookup id 294 for 'application/metalink4+xml' (meta4)
lookup id 295 for 'application/mets+xml' (mets)
lookup id 296 for 'application/vnd.mfmp' (mfm)
lookup id 297 for 'application/vnd.osgeo.mapguide.package' (mgp)
lookup id 298 for 'application/vnd.proteus.magazine' (mgz)
lookup id 299 for 'audio/midi' (mid)
lookup id 300 for 'application/vnd.mif' (mif)
lookup id 301 for 'video/mj2' (mj2)
lookup id 302 for 'application/vnd.dolby.mlp' (mlp)
lookup id 303 for 'application/vnd.chipnuts.karaoke-mmd' (mmd)
lookup id 304 for 'application/vnd.smaf' (mmf)
lookup id 305 for 'image/vnd.fujixerox.edmics-mmr' (mmr)
lookup id 306 for 'application/x-msmoney' (mny)
lookup id 307 for 'application/mods+xml' (mods)
lookup id 308 for 'video/x-sgi-movie' (movie)
lookup id 309 for 'application/mp4' (mp4)
lookup id 310 for 'application/vnd.mophun.certificate' (mpc)
lookup id 311 for 'video/mpeg' (mpeg)
lookup id 312 for 'audio/mpeg' (mpga)
lookup id 313 for 'application/vnd.apple.installer+xml' (mpkg)
lookup id 314 for 'application/vnd.blueice.multipass' (mpm)
lookup id 315 for 'application/vnd.mophun.application' (mpn)
lookup id 316 for 'application/vnd.ms-project' (mpp)
lookup id 317 for 'application/vnd.ibm.minipay' (mpy)
lookup id 318 for 'application/vnd.mobius.mqy' (mqy)
lookup id 319 for 'application/marc' (mrc)
lookup id 320 for 'application/marcxml+xml' (mrcx)
lookup id 321 for 'application/mediaservercontrol+xml' (mscml)
lookup id 322 for 'application/vnd.mseq' (mseq)
lookup id 323 for 'application/vnd.epson.msf' (msf)
lookup id 324 for 'model/mesh' (msh)
lookup id 325 for 'application/vnd.mobius.msl' (msl)
lookup id 326 for 'application/vnd.muvee.style' (msty)
lookup id 327 for 'model/vnd.mts' (mts)
lookup id 328 for 'application/vnd.musician' (mus)
lookup id 329 for 'application/vnd.recordare.musicxml+xml' (musicxml)
lookup id 330 for 'application/x-msmediaview' (mvb)
lookup id 331 for 'application/vnd.mfer' (mwf)
lookup id 332 for 'application/mxf' (mxf)
lookup id 333 for 'application/vnd.recordare.musicxml' (mxl)
lookup id 334 for 'application/xv+xml' (mxml)
lookup id 335 for 'application/vnd.triscape.mxs' (mxs)
lookup id 336 for 'video/vnd.mpegurl' (mxu)
lookup id 337 for 'application/vnd.nokia.n-gage.symbian.install' (n-gage)
lookup id 338 for 'text/n3' (n3)
lookup id 339 for 'application/vnd.wolfram.player' (nbp)
lookup id 340 for 'application/x-netcdf' (nc)
lookup id 341 for 'application/x-dtbncx+xml' (ncx)
lookup id 342 for 'application/vnd.nokia.n-gage.data' (ngdat)
lookup id 343 for 'application/vnd.neurolanguage.nlu' (nlu)
lookup id 344 for 'application/vnd.enliven' (nml)
lookup id 345 for 'application/vnd.noblenet-directory' (nnd)
lookup id 346 for 'application/vnd.noblenet-sealer' (nns)
lookup id 347 for 'application/vnd.noblenet-web' (nnw)
lookup id 348 for 'image/vnd.net-fpx' (npx)
lookup id 349 for 'application/vnd.lotus-notes' (nsf)
lookup id 350 for 'application/vnd.fujitsu.oasys2' (oa2)
lookup id 351 for 'application/vnd.fujitsu.oasys3' (oa3)
lookup id 352 for 'application/vnd.fujitsu.oasys' (oas)
lookup id 353 for 'application/x-msbinder' (obd)
lookup id 354 for 'application/oda' (oda)
lookup id 355 for 'application/vnd.oasis.opendocument.database' (odb)
lookup id 356 for 'application/vnd.oasis.opendocument.chart' (odc)
lookup id 357 for 'application/vnd.oasis.opendocument.formula' (odf)
lookup id 358 for 'application/vnd.oasis.opendocument.formula-template' (odft)
lookup id 359 for 'application/vnd.oasis.opendocument.graphics' (odg)
lookup id 360 for 'application/vnd.oasis.opendocument.image' (odi)
lookup id 361 for 'application/vnd.oasis.opendocument.text-master' (odm)
lookup id 362 for 'application/vnd.oasis.opendocument.presentation' (odp)
lookup id 363 for 'application/vnd.oasis.opendocument.spreadsheet' (ods)
lookup id 364 for 'application/vnd.oasis.opendocument.text' (odt)
lookup id 365 for 'audio/ogg' (oga)
lookup id 366 for 'video/ogg' (ogv)
lookup id 367 for 'application/ogg' (ogx)
lookup id 368 for 'application/onenote' (onetoc)
lookup id 369 for 'application/oebps-package+xml' (opf)
lookup id 370 for 'application/vnd.lotus-organizer' (org)
lookup id 371 for 'application/vnd.yamaha.openscoreformat' (osf)
lookup id 372 for 'application/vnd.yamaha.openscoreformat.osfpvg+xml' (osfpvg)
lookup id 373 for 'application/vnd.oasis.opendocument.chart-template' (otc)
lookup id 374 for 'application/x-font-otf' (otf)
lookup id 375 for 'application/vnd.oasis.opendocument.graphics-template' (otg)
lookup id 376 for 'application/vnd.oasis.opendocument.text-web' (oth)
lookup id 377 for 'application/vnd.oasis.opendocument.image-template' (oti)
lookup id 378 for 'application/vnd.oasis.opendocument.presentation-template' (otp)
lookup id 379 for 'application/vnd.oasis.opendocument.spreadsheet-template' (ots)
lookup id 380 for 'application/vnd.oasis.opendocument.text-template' (ott)
lookup id 381 for 'application/vnd.openofficeorg.extension' (oxt)
lookup id 382 for 'text/x-pascal' (p)
lookup id 383 for 'application/pkcs10' (p10)
lookup id 384 for 'application/x-pkcs12' (p12)
lookup id 385 for 'application/x-pkcs7-certificates' (p7b)
lookup id 386 for 'application/pkcs7-mime' (p7m)
lookup id 387 for 'application/x-pkcs7-certreqresp' (p7r)
lookup id 388 for 'application/pkcs7-signature' (p7s)
lookup id 389 for 'application/pkcs8' (p8)
lookup id 390 for 'text/plain-bas' (par)
lookup id 391 for 'application/vnd.pawaafile' (paw)
lookup id 392 for 'application/vnd.powerbuffer6' (pbd)
lookup id 393 for 'image/x-portable-bitmap' (pbm)
lookup id 394 for 'application/x-font-pcf' (pcf)
lookup id 395 for 'application/vnd.hp-pcl' (pcl)
lookup id 396 for 'application/vnd.hp-pclxl' (pclxl)
lookup id 397 for 'application/vnd.curl.pcurl' (pcurl)
lookup id 398 for 'image/x-pcx' (pcx)
lookup id 399 for 'application/vnd.palm' (pdb)
lookup id 400 for 'application/pdf' (pdf)
lookup id 401 for 'application/x-font-type1' (pfa)
lookup id 402 for 'application/font-tdpfr' (pfr)
lookup id 403 for 'image/x-portable-graymap' (pgm)
lookup id 404 for 'application/x-chess-pgn' (pgn)
lookup id 405 for 'application/pgp-encrypted' (pgp)
lookup id 406 for 'image/x-pict' (pic)
lookup id 407 for 'image/pjpeg' (pjpeg)
lookup id 408 for 'application/pkixcmp' (pki)
lookup id 409 for 'application/pkix-pkipath' (pkipath)
lookup id 410 for 'application/vnd.3gpp.pic-bw-large' (plb)
lookup id 411 for 'application/vnd.mobius.plc' (plc)
lookup id 412 for 'application/vnd.pocketlearn' (plf)
lookup id 413 for 'application/pls+xml' (pls)
lookup id 414 for 'application/vnd.ctc-posml' (pml)
lookup id 415 for 'image/png' (png)
lookup id 416 for 'image/x-portable-anymap' (pnm)
lookup id 417 for 'application/vnd.macports.portpkg' (portpkg)
lookup id 418 for 'application/vnd.ms-powerpoint.template.macroenabled.12' (potm)
lookup id 419 for 'application/vnd.openxmlformats-officedocument.presentationml.template' (potx)
lookup id 420 for 'application/vnd.ms-powerpoint.addin.macroenabled.12' (ppam)
lookup id 421 for 'application/vnd.cups-ppd' (ppd)
lookup id 422 for 'image/x-portable-pixmap' (ppm)
lookup id 423 for 'application/vnd.ms-powerpoint.slideshow.macroenabled.12' (ppsm)
lookup id 424 for 'application/vnd.openxmlformats-officedocument.presentationml.slideshow' (ppsx)
lookup id 425 for 'application/vnd.ms-powerpoint' (ppt)
lookup id 426 for 'application/vnd.ms-powerpoint.presentation.macroenabled.12' (pptm)
lookup id 427 for 'application/vnd.openxmlformats-officedocument.presentationml.presentation' (pptx)
lookup id 428 for 'application/x-mobipocket-ebook' (prc)
lookup id 429 for 'application/vnd.lotus-freelance' (pre)
lookup id 430 for 'application/pics-rules' (prf)
lookup id 431 for 'application/vnd.3gpp.pic-bw-small' (psb)
lookup id 432 for 'image/vnd.adobe.photoshop' (psd)
lookup id 433 for 'application/x-font-linux-psf' (psf)
lookup id 434 for 'application/pskc+xml' (pskcxml)
lookup id 435 for 'application/vnd.pvi.ptid1' (ptid)
lookup id 436 for 'application/x-mspublisher' (pub)
lookup id 437 for 'application/vnd.3gpp.pic-bw-var' (pvb)
lookup id 438 for 'application/vnd.3m.post-it-notes' (pwn)
lookup id 439 for 'audio/vnd.ms-playready.media.pya' (pya)
lookup id 440 for 'video/vnd.ms-playready.media.pyv' (pyv)
lookup id 441 for 'application/vnd.epson.quickanime' (qam)
lookup id 442 for 'application/vnd.intu.qbo' (qbo)
lookup id 443 for 'application/vnd.intu.qfx' (qfx)
lookup id 444 for 'application/vnd.publishare-delta-tree' (qps)
lookup id 445 for 'video/quicktime' (qt)
lookup id 446 for 'application/vnd.quark.quarkxpress' (qxd)
lookup id 447 for 'audio/x-pn-realaudio' (ram)
lookup id 448 for 'application/x-rar-compressed' (rar)
lookup id 449 for 'image/x-cmu-raster' (ras)
lookup id 450 for 'application/vnd.ipunplugged.rcprofile' (rcprofile)
lookup id 451 for 'application/rdf+xml' (rdf)
lookup id 452 for 'application/vnd.data-vision.rdz' (rdz)
lookup id 453 for 'application/vnd.businessobjects' (rep)
lookup id 454 for 'application/x-dtbresource+xml' (res)
lookup id 455 for 'image/x-rgb' (rgb)
lookup id 456 for 'application/reginfo+xml' (rif)
lookup id 457 for 'audio/vnd.rip' (rip)
lookup id 458 for 'application/resource-lists+xml' (rl)
lookup id 459 for 'image/vnd.fujixerox.edmics-rlc' (rlc)
lookup id 460 for 'application/resource-lists-diff+xml' (rld)
lookup id 461 for 'application/vnd.rn-realmedia' (rm)
lookup id 462 for 'audio/x-pn-realaudio-plugin' (rmp)
lookup id 463 for 'application/vnd.jcp.javame.midlet-rms' (rms)
lookup id 464 for 'application/relax-ng-compact-syntax' (rnc)
lookup id 465 for 'application/vnd.cloanto.rp9' (rp9)
lookup id 466 for 'application/vnd.nokia.radio-presets' (rpss)
lookup id 467 for 'application/vnd.nokia.radio-preset' (rpst)
lookup id 468 for 'application/sparql-query' (rq)
lookup id 469 for 'application/rls-services+xml' (rs)
lookup id 470 for 'application/rsd+xml' (rsd)
lookup id 471 for 'application/rss+xml' (rss)
lookup id 472 for 'application/rtf' (rtf)
lookup id 473 for 'text/richtext' (rtx)
lookup id 474 for 'text/x-asm' (s)
lookup id 475 for 'application/vnd.yamaha.smaf-audio' (saf)
lookup id 476 for 'application/sbml+xml' (sbml)
lookup id 477 for 'application/vnd.ibm.secure-container' (sc)
lookup id 478 for 'application/x-msschedule' (scd)
lookup id 479 for 'application/vnd.lotus-screencam' (scm)
lookup id 480 for 'application/scvp-cv-request' (scq)
lookup id 481 for 'application/scvp-cv-response' (scs)
lookup id 482 for 'text/vnd.curl.scurl' (scurl)
lookup id 483 for 'application/vnd.stardivision.draw' (sda)
lookup id 484 for 'application/vnd.stardivision.calc' (sdc)
lookup id 485 for 'application/vnd.stardivision.impress' (sdd)
lookup id 486 for 'application/vnd.solent.sdkm+xml' (sdkm)
lookup id 487 for 'application/sdp' (sdp)
lookup id 488 for 'application/vnd.stardivision.writer' (sdw)
lookup id 489 for 'application/vnd.seemail' (see)
lookup id 490 for 'application/vnd.fdsn.seed' (seed)
lookup id 491 for 'application/vnd.sema' (sema)
lookup id 492 for 'application/vnd.semd' (semd)
lookup id 493 for 'application/vnd.semf' (semf)
lookup id 494 for 'application/java-serialized-object' (ser)
lookup id 495 for 'application/set-payment-initiation' (setpay)
lookup id 496 for 'application/set-registration-initiation' (setreg)
lookup id 497 for 'application/vnd.hydrostatix.sof-data' (sfd-hdstx)
lookup id 498 for 'application/vnd.spotfire.sfs' (sfs)
lookup id 499 for 'application/vnd.stardivision.writer-global' (sgl)
lookup id 500 for 'text/sgml' (sgml)
lookup id 501 for 'application/x-sh' (sh)
lookup id 502 for 'application/x-shar' (shar)
lookup id 503 for 'application/shf+xml' (shf)
lookup id 504 for 'application/vnd.symbian.install' (sis)
lookup id 505 for 'application/x-stuffit' (sit)
lookup id 506 for 'application/x-stuffitx' (sitx)
lookup id 507 for 'application/vnd.koan' (skp)
lookup id 508 for 'application/vnd.ms-powerpoint.slide.macroenabled.12' (sldm)
lookup id 509 for 'application/vnd.openxmlformats-officedocument.presentationml.slide' (sldx)
lookup id 510 for 'application/vnd.epson.salt' (slt)
lookup id 511 for 'application/vnd.stepmania.stepchart' (sm)
lookup id 512 for 'application/vnd.stardivision.math' (smf)
lookup id 513 for 'application/smil+xml' (smi)
lookup id 514 for 'application/x-font-snf' (snf)
lookup id 515 for 'application/vnd.yamaha.smaf-phrase' (spf)
lookup id 516 for 'application/x-futuresplash' (spl)
lookup id 517 for 'text/vnd.in3d.spot' (spot)
lookup id 518 for 'application/scvp-vp-response' (spp)
lookup id 519 for 'application/scvp-vp-request' (spq)
lookup id 520 for 'application/x-wais-source' (src)
lookup id 521 for 'application/sru+xml' (sru)
lookup id 522 for 'application/sparql-results+xml' (srx)
lookup id 523 for 'application/vnd.kodak-descriptor' (sse)
lookup id 524 for 'application/vnd.epson.ssf' (ssf)
lookup id 525 for 'application/ssml+xml' (ssml)
lookup id 526 for 'application/vnd.sailingtracker.track' (st)
lookup id 527 for 'application/vnd.sun.xml.calc.template' (stc)
lookup id 528 for 'application/vnd.sun.xml.draw.template' (std)
lookup id 529 for 'application/vnd.wt.stf' (stf)
lookup id 530 for 'application/vnd.sun.xml.impress.template' (sti)
lookup id 531 for 'application/hyperstudio' (stk)
lookup id 532 for 'application/vnd.ms-pki.stl' (stl)
lookup id 533 for 'application/vnd.pg.format' (str)
lookup id 534 for 'application/vnd.sun.xml.writer.template' (stw)
lookup id 535 for 'image/vnd.dvb.subtitle' (sub)
lookup id 536 for 'application/vnd.sus-calendar' (sus)
lookup id 537 for 'application/x-sv4cpio' (sv4cpio)
lookup id 538 for 'application/x-sv4crc' (sv4crc)
lookup id 539 for 'application/vnd.dvb.service' (svc)
lookup id 540 for 'application/vnd.svd' (svd)
lookup id 541 for 'image/svg+xml' (svg)
lookup id 542 for 'application/x-shockwave-flash' (swf)
lookup id 543 for 'application/vnd.aristanetworks.swi' (swi)
lookup id 544 for 'application/vnd.sun.xml.calc' (sxc)
lookup id 545 for 'application/vnd.sun.xml.draw' (sxd)
lookup id 546 for 'application/vnd.sun.xml.writer.global' (sxg)
lookup id 547 for 'application/vnd.sun.xml.impress' (sxi)
lookup id 548 for 'application/vnd.sun.xml.math' (sxm)
lookup id 549 for 'application/vnd.sun.xml.writer' (sxw)
lookup id 550 for 'text/troff' (t)
lookup id 551 for 'application/vnd.tao.intent-module-archive' (tao)
lookup id 552 for 'application/x-tar' (tar)
lookup id 553 for 'application/vnd.3gpp2.tcap' (tcap)
lookup id 554 for 'application/x-tcl' (tcl)
lookup id 555 for 'application/vnd.smart.teacher' (teacher)
lookup id 556 for 'application/tei+xml' (tei)
lookup id 557 for 'application/x-tex' (tex)
lookup id 558 for 'application/x-texinfo' (texinfo)
lookup id 559 for 'application/thraud+xml' (tfi)
lookup id 560 for 'application/x-tex-tfm' (tfm)
lookup id 561 for 'application/vnd.ms-officetheme' (thmx)
lookup id 562 for 'image/tiff' (tiff)
lookup id 563 for 'application/vnd.tmobile-livetv' (tmo)
lookup id 564 for 'application/x-bittorrent' (torrent)
lookup id 565 for 'application/vnd.groove-tool-template' (tpl)
lookup id 566 for 'application/vnd.trid.tpt' (tpt)
lookup id 567 for 'application/vnd.trueapp' (tra)
lookup id 568 for 'application/x-msterminal' (trm)
lookup id 569 for 'application/timestamped-data' (tsd)
lookup id 570 for 'text/tab-separated-values' (tsv)
lookup id 571 for 'application/x-font-ttf' (ttf)
lookup id 572 for 'text/turtle' (ttl)
lookup id 573 for 'application/vnd.simtech-mindmapper' (twd)
lookup id 574 for 'application/vnd.genomatix.tuxedo' (txd)
lookup id 575 for 'application/vnd.mobius.txf' (txf)
lookup id 576 for 'text/plain' (txt)
lookup id 577 for 'application/vnd.ufdl' (ufd)
lookup id 578 for 'application/vnd.umajin' (umj)
lookup id 579 for 'application/vnd.unity' (unityweb)
lookup id 580 for 'application/vnd.uoml+xml' (uoml)
lookup id 581 for 'text/uri-list' (uri)
lookup id 582 for 'application/x-ustar' (ustar)
lookup id 583 for 'application/vnd.uiq.theme' (utz)
lookup id 584 for 'text/x-uuencode' (uu)
lookup id 585 for 'audio/vnd.dece.audio' (uva)
lookup id 586 for 'video/vnd.dece.hd' (uvh)
lookup id 587 for 'image/vnd.dece.graphic' (uvi)
lookup id 588 for 'video/vnd.dece.mobile' (uvm)
lookup id 589 for 'video/vnd.dece.pd' (uvp)
lookup id 590 for 'video/vnd.dece.sd' (uvs)
lookup id 591 for 'video/vnd.uvvu.mp4' (uvu)
lookup id 592 for 'video/vnd.dece.video' (uvv)
lookup id 593 for 'application/x-cdlink' (vcd)
lookup id 594 for 'text/x-vcard' (vcf)
lookup id 595 for 'application/vnd.groove-vcard' (vcg)
lookup id 596 for 'text/x-vcalendar' (vcs)
lookup id 597 for 'application/vnd.vcx' (vcx)
lookup id 598 for 'application/vnd.visionary' (vis)
lookup id 599 for 'video/vnd.vivo' (viv)
lookup id 600 for 'application/vnd.visio' (vsd)
lookup id 601 for 'application/vnd.visio2013' (vsdx)
lookup id 602 for 'application/vnd.vsf' (vsf)
lookup id 603 for 'model/vnd.vtu' (vtu)
lookup id 604 for 'application/voicexml+xml' (vxml)
lookup id 605 for 'application/x-doom' (wad)
lookup id 606 for 'audio/x-wav' (wav)
lookup id 607 for 'audio/x-ms-wax' (wax)
lookup id 608 for 'image/vnd.wap.wbmp' (wbmp)
lookup id 609 for 'application/vnd.criticaltools.wbs+xml' (wbs)
lookup id 610 for 'application/vnd.wap.wbxml' (wbxml)
lookup id 611 for 'audio/webm' (weba)
lookup id 612 for 'video/webm' (webm)
lookup id 613 for 'image/webp' (webp)
lookup id 614 for 'application/vnd.pmi.widget' (wg)
lookup id 615 for 'application/widget' (wgt)
lookup id 616 for 'video/x-ms-wm' (wm)
lookup id 617 for 'audio/x-ms-wma' (wma)
lookup id 618 for 'application/x-ms-wmd' (wmd)
lookup id 619 for 'application/x-msmetafile' (wmf)
lookup id 620 for 'text/vnd.wap.wml' (wml)
lookup id 621 for 'application/vnd.wap.wmlc' (wmlc)
lookup id 622 for 'text/vnd.wap.wmlscript' (wmls)
lookup id 623 for 'application/vnd.wap.wmlscriptc' (wmlsc)
lookup id 624 for 'video/x-ms-wmv' (wmv)
lookup id 625 for 'video/x-ms-wmx' (wmx)
lookup id 626 for 'application/x-ms-wmz' (wmz)
lookup id 627 for 'application/x-font-woff' (woff)
lookup id 628 for 'application/vnd.wordperfect' (wpd)
lookup id 629 for 'application/vnd.ms-wpl' (wpl)
lookup id 630 for 'application/vnd.ms-works' (wps)
lookup id 631 for 'application/vnd.wqd' (wqd)
lookup id 632 for 'application/x-mswrite' (wri)
lookup id 633 for 'model/vrml' (wrl)
lookup id 634 for 'application/wsdl+xml' (wsdl)
lookup id 635 for 'application/wspolicy+xml' (wspolicy)
lookup id 636 for 'application/vnd.webturbo' (wtb)
lookup id 637 for 'video/x-ms-wvx' (wvx)
lookup id 638 for 'application/vnd.hzn-3d-crossword' (x3d)
lookup id 639 for 'application/x-silverlight-app' (xap)
lookup id 640 for 'application/vnd.xara' (xar)
lookup id 641 for 'application/x-ms-xbap' (xbap)
lookup id 642 for 'application/vnd.fujixerox.docuworks.binder' (xbd)
lookup id 643 for 'image/x-xbitmap' (xbm)
lookup id 644 for 'application/xcap-diff+xml' (xdf)
lookup id 645 for 'application/vnd.syncml.dm+xml' (xdm)
lookup id 646 for 'application/vnd.adobe.xdp+xml' (xdp)
lookup id 647 for 'application/dssc+xml' (xdssc)
lookup id 648 for 'application/vnd.fujixerox.docuworks' (xdw)
lookup id 649 for 'application/xenc+xml' (xenc)
lookup id 650 for 'application/patch-ops-ERROR+xml' (xer)
lookup id 651 for 'application/vnd.adobe.xfdf' (xfdf)
lookup id 652 for 'application/vnd.xfdl' (xfdl)
lookup id 653 for 'application/xhtml+xml' (xhtml)
lookup id 654 for 'image/vnd.xiff' (xif)
lookup id 655 for 'application/vnd.ms-excel.addin.macroenabled.12' (xlam)
lookup id 656 for 'application/vnd.ms-excel' (xls)
lookup id 657 for 'application/vnd.ms-excel.sheet.binary.macroenabled.12' (xlsb)
lookup id 658 for 'application/vnd.ms-excel.sheet.macroenabled.12' (xlsm)
lookup id 659 for 'application/vnd.openxmlformats-officedocument.spreadsheetml.sheet' (xlsx)
lookup id 660 for 'application/vnd.ms-excel.template.macroenabled.12' (xltm)
lookup id 661 for 'application/vnd.openxmlformats-officedocument.spreadsheetml.template' (xltx)
lookup id 662 for 'application/xml' (xml)
lookup id 663 for 'application/vnd.olpc-sugar' (xo)
lookup id 664 for 'application/xop+xml' (xop)
lookup id 665 for 'application/x-xpinstall' (xpi)
lookup id 666 for 'image/x-xpixmap' (xpm)
lookup id 667 for 'application/vnd.is-xpr' (xpr)
lookup id 668 for 'application/vnd.ms-xpsdocument' (xps)
lookup id 669 for 'application/vnd.intercon.formnet' (xpw)
lookup id 670 for 'application/xslt+xml' (xslt)
lookup id 671 for 'application/vnd.syncml+xml' (xsm)
lookup id 672 for 'application/xspf+xml' (xspf)
lookup id 673 for 'application/vnd.mozilla.xul+xml' (xul)
lookup id 674 for 'image/x-xwindowdump' (xwd)
lookup id 675 for 'chemical/x-xyz' (xyz)
lookup id 676 for 'text/yaml' (yaml)
lookup id 677 for 'application/yang' (yang)
lookup id 678 for 'application/yin+xml' (yin)
lookup id 679 for 'application/vnd.zzazz.deck+xml' (zaz)
lookup id 680 for 'application/zip' (zip)
lookup id 681 for 'application/vnd.zul' (zir)
lookup id 682 for 'application/vnd.handheld-entertainment+xml' (zmm)
[       OK ] MimeTypeTest.TestMimeMapping (1 ms)
[----------] 1 test from MimeTypeTest (1 ms total)

[----------] Global test environment tear-down
[==========] 1 test from 1 test suite ran. (1 ms total)
[  PASSED  ] 1 test.
<end of output>
Test time =   0.16 sec
----------------------------------------------------------
Test Passed.
"test-mime" end time: Jan 16 16:51 CET
"test-mime" time elapsed: 00:00:00
----------------------------------------------------------

8/32 Testing: test-json
8/32 Test: test-json
Command: "/Users/marcus/git/karbonit/bin/test-json"
Directory: /Users/marcus/git/karbonit/tests/carbon
"test-json" start time: Jan 16 16:51 CET
Output:
----------------------------------------------------------
[==========] Running 17 tests from 2 test suites.
[----------] Global test environment set-up.
[----------] 3 tests from CarbonTest
[ RUN      ] CarbonTest.InvalidObject
** ERROR **  JSON parsing ERROR (36)
             in /Users/marcus/git/karbonit/src/karbonit/rec.c:131
             parsing JSON file failed
[       OK ] CarbonTest.InvalidObject (0 ms)
[ RUN      ] CarbonTest.EmptyInput
** ERROR **  JSON parsing ERROR (36)
             in /Users/marcus/git/karbonit/src/karbonit/rec.c:131
             parsing JSON file failed
[       OK ] CarbonTest.EmptyInput (0 ms)
[ RUN      ] CarbonTest.SingleString
[       OK ] CarbonTest.SingleString (0 ms)
[----------] 3 tests from CarbonTest (0 ms total)

[----------] 14 tests from JsonTest
[ RUN      ] JsonTest.JsonListTypeForColumnEqualTypes
[       OK ] JsonTest.JsonListTypeForColumnEqualTypes (0 ms)
[ RUN      ] JsonTest.JsonListTypeForColumnOverwriteEmpty
[       OK ] JsonTest.JsonListTypeForColumnOverwriteEmpty (0 ms)
[ RUN      ] JsonTest.JsonListTypeForColumnNestedWins
[       OK ] JsonTest.JsonListTypeForColumnNestedWins (0 ms)
[ RUN      ] JsonTest.JsonListTypeForColumnNullable
[       OK ] JsonTest.JsonListTypeForColumnNullable (0 ms)
[ RUN      ] JsonTest.JsonListTypeForColumnForceMixed
[       OK ] JsonTest.JsonListTypeForColumnForceMixed (0 ms)
[ RUN      ] JsonTest.JsonListTypeForColumnIncompatibleType
[       OK ] JsonTest.JsonListTypeForColumnIncompatibleType (0 ms)
[ RUN      ] JsonTest.JsonListTypeForColumnEnlargeType
[       OK ] JsonTest.JsonListTypeForColumnEnlargeType (0 ms)
[ RUN      ] JsonTest.ParseNullArray
[       OK ] JsonTest.ParseNullArray (0 ms)
[ RUN      ] JsonTest.ParseBooleanArray
[       OK ] JsonTest.ParseBooleanArray (0 ms)
[ RUN      ] JsonTest.ParseJsonFromString
[       OK ] JsonTest.ParseJsonFromString (0 ms)
[ RUN      ] JsonTest.ParseJsonFromStringLaxQuotes
[       OK ] JsonTest.ParseJsonFromStringLaxQuotes (1 ms)
[ RUN      ] JsonTest.ParseJsonFromStringLaxQuotesList
[       OK ] JsonTest.ParseJsonFromStringLaxQuotesList (0 ms)
[ RUN      ] JsonTest.ParseJsonFromStringLaxQuotesTestNull
[       OK ] JsonTest.ParseJsonFromStringLaxQuotesTestNull (0 ms)
[ RUN      ] JsonTest.ParseRandomJson
[       OK ] JsonTest.ParseRandomJson (0 ms)
[----------] 14 tests from JsonTest (1 ms total)

[----------] Global test environment tear-down
[==========] 17 tests from 2 test suites ran. (1 ms total)
[  PASSED  ] 17 tests.
<end of output>
Test time =   0.16 sec
----------------------------------------------------------
Test Passed.
"test-json" end time: Jan 16 16:51 CET
"test-json" time elapsed: 00:00:00
----------------------------------------------------------

9/32 Testing: test-abstract-type-markers
9/32 Test: test-abstract-type-markers
Command: "/Users/marcus/git/karbonit/bin/test-abstract-type-markers"
Directory: /Users/marcus/git/karbonit/tests/carbon
"test-abstract-type-markers" start time: Jan 16 16:51 CET
Output:
----------------------------------------------------------
[==========] Running 7 tests from 1 test suite.
[----------] Global test environment set-up.
[----------] 7 tests from TestAbstractTypeMarker
[ RUN      ] TestAbstractTypeMarker.DetectBaseTypeByBase
[       OK ] TestAbstractTypeMarker.DetectBaseTypeByBase (0 ms)
[ RUN      ] TestAbstractTypeMarker.DetectBaseTypeByDerivedType
[       OK ] TestAbstractTypeMarker.DetectBaseTypeByDerivedType (0 ms)
[ RUN      ] TestAbstractTypeMarker.DetectNonBaseTypeByDerivedType
[       OK ] TestAbstractTypeMarker.DetectNonBaseTypeByDerivedType (0 ms)
[ RUN      ] TestAbstractTypeMarker.GetClassOfConcreteDerivedType
[       OK ] TestAbstractTypeMarker.GetClassOfConcreteDerivedType (0 ms)
[ RUN      ] TestAbstractTypeMarker.GetContainerForDerivedType
[       OK ] TestAbstractTypeMarker.GetContainerForDerivedType (0 ms)
[ RUN      ] TestAbstractTypeMarker.GetDeriveFromList
[       OK ] TestAbstractTypeMarker.GetDeriveFromList (0 ms)
[ RUN      ] TestAbstractTypeMarker.GetDeriveFromMAP
[       OK ] TestAbstractTypeMarker.GetDeriveFromMAP (0 ms)
[----------] 7 tests from TestAbstractTypeMarker (1 ms total)

[----------] Global test environment tear-down
[==========] 7 tests from 1 test suite ran. (1 ms total)
[  PASSED  ] 7 tests.
<end of output>
Test time =   0.15 sec
----------------------------------------------------------
Test Passed.
"test-abstract-type-markers" end time: Jan 16 16:51 CET
"test-abstract-type-markers" time elapsed: 00:00:00
----------------------------------------------------------

10/32 Testing: test-abstract-types-arrays
10/32 Test: test-abstract-types-arrays
Command: "/Users/marcus/git/karbonit/bin/test-abstract-types-arrays"
Directory: /Users/marcus/git/karbonit/tests/carbon
"test-abstract-types-arrays" start time: Jan 16 16:51 CET
Output:
----------------------------------------------------------
[==========] Running 8 tests from 1 test suite.
[----------] Global test environment set-up.
[----------] 8 tests from TestAbstractTypes
[ RUN      ] TestAbstractTypes.CreateRecordDefaultJsonArray
[       OK ] TestAbstractTypes.CreateRecordDefaultJsonArray (0 ms)
[ RUN      ] TestAbstractTypes.CreateRecordUnsortedMultiset
[       OK ] TestAbstractTypes.CreateRecordUnsortedMultiset (0 ms)
[ RUN      ] TestAbstractTypes.CreateRecordUnsortedSet
[       OK ] TestAbstractTypes.CreateRecordUnsortedSet (0 ms)
[ RUN      ] TestAbstractTypes.CreateRecordSortedSet
[       OK ] TestAbstractTypes.CreateRecordSortedSet (0 ms)
[ RUN      ] TestAbstractTypes.CreateRecordSortedMultiset
[       OK ] TestAbstractTypes.CreateRecordSortedMultiset (0 ms)
[ RUN      ] TestAbstractTypes.CreateRecordDeriveToDifferentTypes
[       OK ] TestAbstractTypes.CreateRecordDeriveToDifferentTypes (0 ms)
[ RUN      ] TestAbstractTypes.ArraySetAbstractType
[       OK ] TestAbstractTypes.ArraySetAbstractType (0 ms)
[ RUN      ] TestAbstractTypes.ArraySetNestedAbstractType
[       OK ] TestAbstractTypes.ArraySetNestedAbstractType (0 ms)
[----------] 8 tests from TestAbstractTypes (0 ms total)

[----------] Global test environment tear-down
[==========] 8 tests from 1 test suite ran. (0 ms total)
[  PASSED  ] 8 tests.
<end of output>
Test time =   0.16 sec
----------------------------------------------------------
Test Passed.
"test-abstract-types-arrays" end time: Jan 16 16:51 CET
"test-abstract-types-arrays" time elapsed: 00:00:00
----------------------------------------------------------

11/32 Testing: test-abstract-types-columns
11/32 Test: test-abstract-types-columns
Command: "/Users/marcus/git/karbonit/bin/test-abstract-types-columns"
Directory: /Users/marcus/git/karbonit/tests/carbon
"test-abstract-types-columns" start time: Jan 16 16:51 CET
Output:
----------------------------------------------------------
[==========] Running 2 tests from 1 test suite.
[----------] Global test environment set-up.
[----------] 2 tests from TestAbstractTypes
[ RUN      ] TestAbstractTypes.ColumnSetAbstractType
[       OK ] TestAbstractTypes.ColumnSetAbstractType (0 ms)
[ RUN      ] TestAbstractTypes.ColumnSetNestedAbstractType
[       OK ] TestAbstractTypes.ColumnSetNestedAbstractType (1 ms)
[----------] 2 tests from TestAbstractTypes (1 ms total)

[----------] Global test environment tear-down
[==========] 2 tests from 1 test suite ran. (1 ms total)
[  PASSED  ] 2 tests.
<end of output>
Test time =   0.16 sec
----------------------------------------------------------
Test Passed.
"test-abstract-types-columns" end time: Jan 16 16:51 CET
"test-abstract-types-columns" time elapsed: 00:00:00
----------------------------------------------------------

12/32 Testing: test-abstract-types-objects
12/32 Test: test-abstract-types-objects
Command: "/Users/marcus/git/karbonit/bin/test-abstract-types-objects"
Directory: /Users/marcus/git/karbonit/tests/carbon
"test-abstract-types-objects" start time: Jan 16 16:51 CET
Output:
----------------------------------------------------------
[==========] Running 2 tests from 1 test suite.
[----------] Global test environment set-up.
[----------] 2 tests from TestAbstractTypes
[ RUN      ] TestAbstractTypes.ColumnSetAbstractType
[       OK ] TestAbstractTypes.ColumnSetAbstractType (0 ms)
[ RUN      ] TestAbstractTypes.ObjectSetNestedAbstractType
[       OK ] TestAbstractTypes.ObjectSetNestedAbstractType (0 ms)
[----------] 2 tests from TestAbstractTypes (0 ms total)

[----------] Global test environment tear-down
[==========] 2 tests from 1 test suite ran. (0 ms total)
[  PASSED  ] 2 tests.
<end of output>
Test time =   0.16 sec
----------------------------------------------------------
Test Passed.
"test-abstract-types-objects" end time: Jan 16 16:51 CET
"test-abstract-types-objects" time elapsed: 00:00:00
----------------------------------------------------------

13/32 Testing: test-printer-marker
13/32 Test: test-printer-marker
Command: "/Users/marcus/git/karbonit/bin/test-printer-marker"
Directory: /Users/marcus/git/karbonit/tests/carbon
"test-printer-marker" start time: Jan 16 16:51 CET
Output:
----------------------------------------------------------
[==========] Running 1 test from 1 test suite.
[----------] Global test environment set-up.
[----------] 1 test from TestConverterFormatter
[ RUN      ] TestConverterFormatter.TestFastPrinter
[autokey][key:9852183897495124174][commit:e9275931498704e1] [array-begin] [unsigned:2][unsigned:1][object-begin][string](len:7)[value:message][string](len:5)[value:hello][string](len:4)[value:data][column:<[1, 2, 3, 4, 5, 6]>][object-end][array-end]
[       OK ] TestConverterFormatter.TestFastPrinter (1 ms)
[----------] 1 test from TestConverterFormatter (1 ms total)

[----------] Global test environment tear-down
[==========] 1 test from 1 test suite ran. (1 ms total)
[  PASSED  ] 1 test.
<end of output>
Test time =   0.16 sec
----------------------------------------------------------
Test Passed.
"test-printer-marker" end time: Jan 16 16:51 CET
"test-printer-marker" time elapsed: 00:00:00
----------------------------------------------------------

14/32 Testing: test-printer-json
14/32 Test: test-printer-json
Command: "/Users/marcus/git/karbonit/bin/test-printer-json"
Directory: /Users/marcus/git/karbonit/tests/carbon
"test-printer-json" start time: Jan 16 16:51 CET
Output:
----------------------------------------------------------
[==========] Running 1 test from 1 test suite.
[----------] Global test environment set-up.
[----------] 1 test from TestConverterFormatter
[ RUN      ] TestConverterFormatter.TestFastPrinter
[2, 1]


conversion time: 0ms 
[       OK ] TestConverterFormatter.TestFastPrinter (0 ms)
[----------] 1 test from TestConverterFormatter (0 ms total)

[----------] Global test environment tear-down
[==========] 1 test from 1 test suite ran. (0 ms total)
[  PASSED  ] 1 test.
<end of output>
Test time =   0.16 sec
----------------------------------------------------------
Test Passed.
"test-printer-json" end time: Jan 16 16:51 CET
"test-printer-json" time elapsed: 00:00:00
----------------------------------------------------------

15/32 Testing: test-carbon-patch
15/32 Test: test-carbon-patch
Command: "/Users/marcus/git/karbonit/bin/test-carbon-patch"
Directory: /Users/marcus/git/karbonit/tests/carbon
"test-carbon-patch" start time: Jan 16 16:51 CET
Output:
----------------------------------------------------------
[==========] Running 1 test from 1 test suite.
[----------] Global test environment set-up.
[----------] 1 test from TestCarbonPatch
[ RUN      ] TestCarbonPatch.CreatePatch
[       OK ] TestCarbonPatch.CreatePatch (0 ms)
[----------] 1 test from TestCarbonPatch (0 ms total)

[----------] Global test environment tear-down
[==========] 1 test from 1 test suite ran. (1 ms total)
[  PASSED  ] 1 test.
<end of output>
Test time =   0.16 sec
----------------------------------------------------------
Test Passed.
"test-carbon-patch" end time: Jan 16 16:51 CET
"test-carbon-patch" time elapsed: 00:00:00
----------------------------------------------------------

16/32 Testing: test-carbon-item
16/32 Test: test-carbon-item
Command: "/Users/marcus/git/karbonit/bin/test-carbon-item"
Directory: /Users/marcus/git/karbonit/tests/carbon
"test-carbon-item" start time: Jan 16 16:51 CET
Output:
----------------------------------------------------------
[==========] Running 1 test from 1 test suite.
[----------] Global test environment set-up.
[----------] 1 test from TestCarbonItem
[ RUN      ] TestCarbonItem.CreateId
[       OK ] TestCarbonItem.CreateId (0 ms)
[----------] 1 test from TestCarbonItem (0 ms total)

[----------] Global test environment tear-down
[==========] 1 test from 1 test suite ran. (0 ms total)
[  PASSED  ] 1 test.
<end of output>
Test time =   0.21 sec
----------------------------------------------------------
Test Passed.
"test-carbon-item" end time: Jan 16 16:51 CET
"test-carbon-item" time elapsed: 00:00:00
----------------------------------------------------------

17/32 Testing: test-carbon-arr-it
17/32 Test: test-carbon-arr-it
Command: "/Users/marcus/git/karbonit/bin/test-carbon-arr-it"
Directory: /Users/marcus/git/karbonit/tests/carbon
"test-carbon-arr-it" start time: Jan 16 16:51 CET
Output:
----------------------------------------------------------
[==========] Running 1 test from 1 test suite.
[----------] Global test environment set-up.
[----------] 1 test from ArrayIteratorTests
[ RUN      ] ArrayIteratorTests.ConstArrayLengthFunction
[       OK ] ArrayIteratorTests.ConstArrayLengthFunction (0 ms)
[----------] 1 test from ArrayIteratorTests (0 ms total)

[----------] Global test environment tear-down
[==========] 1 test from 1 test suite ran. (0 ms total)
[  PASSED  ] 1 test.
<end of output>
Test time =   0.16 sec
----------------------------------------------------------
Test Passed.
"test-carbon-arr-it" end time: Jan 16 16:51 CET
"test-carbon-arr-it" time elapsed: 00:00:00
----------------------------------------------------------

18/32 Testing: test-carbon-obj-it
18/32 Test: test-carbon-obj-it
Command: "/Users/marcus/git/karbonit/bin/test-carbon-obj-it"
Directory: /Users/marcus/git/karbonit/tests/carbon
"test-carbon-obj-it" start time: Jan 16 16:51 CET
Output:
----------------------------------------------------------
[==========] Running 1 test from 1 test suite.
[----------] Global test environment set-up.
[----------] 1 test from ObjectIteratorTests
[ RUN      ] ObjectIteratorTests.ConstObjectLengthFunction
[       OK ] ObjectIteratorTests.ConstObjectLengthFunction (1 ms)
[----------] 1 test from ObjectIteratorTests (1 ms total)

[----------] Global test environment tear-down
[==========] 1 test from 1 test suite ran. (1 ms total)
[  PASSED  ] 1 test.
<end of output>
Test time =   0.16 sec
----------------------------------------------------------
Test Passed.
"test-carbon-obj-it" end time: Jan 16 16:51 CET
"test-carbon-obj-it" time elapsed: 00:00:00
----------------------------------------------------------

19/32 Testing: test-carbon-from-json
19/32 Test: test-carbon-from-json
Command: "/Users/marcus/git/karbonit/bin/test-carbon-from-json"
Directory: /Users/marcus/git/karbonit/tests/carbon
"test-carbon-from-json" start time: Jan 16 16:51 CET
Output:
----------------------------------------------------------
[==========] Running 4 tests from 1 test suite.
[----------] Global test environment set-up.
[----------] 4 tests from FromOtherFormatTest
[ RUN      ] FromOtherFormatTest.FromEmptyArrayTest

input...: '[]'
expected: '[]'
is......: '[]
'[       OK ] FromOtherFormatTest.FromEmptyArrayTest (1 ms)
[ RUN      ] FromOtherFormatTest.FromEmptyObjectTest

input...: '{}'
expected: '{}'
is......: '{}
'[       OK ] FromOtherFormatTest.FromEmptyObjectTest (0 ms)
[ RUN      ] FromOtherFormatTest.FromEmptyObjectNestedInArrayTest

input...: '[{}]'
expected: '{}'
is......: '{}
'[       OK ] FromOtherFormatTest.FromEmptyObjectNestedInArrayTest (0 ms)
[ RUN      ] FromOtherFormatTest.FromEmptyArrayNestedInObjectTest

input...: '{"_":[]}'
expected: '{"_":[]}'
is......: '{"_":[]}
'[       OK ] FromOtherFormatTest.FromEmptyArrayNestedInObjectTest (0 ms)
[----------] 4 tests from FromOtherFormatTest (1 ms total)

[----------] Global test environment tear-down
[==========] 4 tests from 1 test suite ran. (1 ms total)
[  PASSED  ] 4 tests.
<end of output>
Test time =   0.16 sec
----------------------------------------------------------
Test Passed.
"test-carbon-from-json" end time: Jan 16 16:51 CET
"test-carbon-from-json" time elapsed: 00:00:00
----------------------------------------------------------

20/32 Testing: test-func-rec-exists
20/32 Test: test-func-rec-exists
Command: "/Users/marcus/git/karbonit/bin/test-func-rec-exists"
Directory: /Users/marcus/git/karbonit/tests/carbon
"test-func-rec-exists" start time: Jan 16 16:51 CET
Output:
----------------------------------------------------------
[==========] Running 6 tests from 1 test suite.
[----------] Global test environment set-up.
[----------] 6 tests from FunExistsTest
[ RUN      ] FunExistsTest.EntireDocumentExists
[       OK ] FunExistsTest.EntireDocumentExists (0 ms)
[ RUN      ] FunExistsTest.FindElementInArrayOkay
[       OK ] FunExistsTest.FindElementInArrayOkay (0 ms)
[ RUN      ] FunExistsTest.FindElementInObjectOkay
[       OK ] FunExistsTest.FindElementInObjectOkay (1 ms)
[ RUN      ] FunExistsTest.FindElementInMixedOkay
[       OK ] FunExistsTest.FindElementInMixedOkay (0 ms)
[ RUN      ] FunExistsTest.NullNotExistsTest
[       OK ] FunExistsTest.NullNotExistsTest (0 ms)
[ RUN      ] FunExistsTest.UndefineddNotExistsTest
[       OK ] FunExistsTest.UndefineddNotExistsTest (0 ms)
[----------] 6 tests from FunExistsTest (1 ms total)

[----------] Global test environment tear-down
[==========] 6 tests from 1 test suite ran. (1 ms total)
[  PASSED  ] 6 tests.
<end of output>
Test time =   0.16 sec
----------------------------------------------------------
Test Passed.
"test-func-rec-exists" end time: Jan 16 16:51 CET
"test-func-rec-exists" time elapsed: 00:00:00
----------------------------------------------------------

21/32 Testing: test-func-rec-get
21/32 Test: test-func-rec-get
Command: "/Users/marcus/git/karbonit/bin/test-func-rec-get"
Directory: /Users/marcus/git/karbonit/tests/carbon
"test-func-rec-get" start time: Jan 16 16:51 CET
Output:
----------------------------------------------------------
[==========] Running 5 tests from 1 test suite.
[----------] Global test environment set-up.
[----------] 5 tests from FunGetTest
[ RUN      ] FunGetTest.GetFirstElementDocument

json in.: '[1, 2]'
path in.: '0'
result..: '1'
expected: '1'
[       OK ] FunGetTest.GetFirstElementDocument (1 ms)
[ RUN      ] FunGetTest.GetSecondElementDocument

json in.: '[1, 2]'
path in.: '1'
result..: '2'
expected: '2'
[       OK ] FunGetTest.GetSecondElementDocument (0 ms)
[ RUN      ] FunGetTest.GetThirdElementDocument

json in.: '[1, 2]'
path in.: '3'
result..: 'undef'
expected: 'undef'
[       OK ] FunGetTest.GetThirdElementDocument (0 ms)
[ RUN      ] FunGetTest.GetEntireDocument

json in.: '[1, 2]'
path in.: ''
result..: '[1, 2]'
expected: '[1, 2]'
[       OK ] FunGetTest.GetEntireDocument (0 ms)
[ RUN      ] FunGetTest.GetNestedElements

json in.: '[1, {"x":1, "y":[1, 2, 3, 4], "z":{"a":null}}, 2]'
path in.: ''
result..: '[1, {"x":1, "y":[1, 2, 3, 4], "z":{"a":null}}, 2]'
expected: '[1, {"x":1, "y":[1, 2, 3, 4], "z":{"a":null}}, 2]'

json in.: '[1, {"x":1, "y":[1, 2, 3, 4], "z":{"a":null}}, 2]'
path in.: '0'
result..: '1'
expected: '1'

json in.: '[1, {"x":1, "y":[1, 2, 3, 4], "z":{"a":null}}, 2]'
path in.: '1'
result..: '{"x":1, "y":[1, 2, 3, 4], "z":{"a":null}}'
expected: '{"x":1, "y":[1, 2, 3, 4], "z":{"a":null}}'

json in.: '[1, {"x":1, "y":[1, 2, 3, 4], "z":{"a":null}}, 2]'
path in.: '1.x'
result..: '1'
expected: '1'

json in.: '[1, {"x":1, "y":[1, 2, 3, 4], "z":{"a":null}}, 2]'
path in.: '1.y'
result..: '[1, 2, 3, 4]'
expected: '[1, 2, 3, 4]'

json in.: '[1, {"x":1, "y":[1, 2, 3, 4], "z":{"a":null}}, 2]'
path in.: '1.y.0'
result..: '1'
[...]
Test Passed.
"test-carbon-part-3" end time: Jan 16 16:51 CET
"test-carbon-part-3" time elapsed: 00:00:00
----------------------------------------------------------

26/32 Testing: test-carbon-part-4
26/32 Test: test-carbon-part-4
Command: "/Users/marcus/git/karbonit/bin/test-carbon-part-4"
Directory: /Users/marcus/git/karbonit/tests/carbon
"test-carbon-part-4" start time: Jan 16 16:51 CET
Output:
----------------------------------------------------------
[==========] Running 18 tests from 1 test suite.
[----------] Global test environment set-up.
[----------] 18 tests from CarbonTest
[ RUN      ] CarbonTest.CarbonRemoveCustomBinaryToEmpty
[       OK ] CarbonTest.CarbonRemoveCustomBinaryToEmpty (0 ms)
[ RUN      ] CarbonTest.CarbonRemoveFirstCustomBinary
[       OK ] CarbonTest.CarbonRemoveFirstCustomBinary (1 ms)
[ RUN      ] CarbonTest.CarbonRemoveLastCustomBinary
[       OK ] CarbonTest.CarbonRemoveLastCustomBinary (0 ms)
[ RUN      ] CarbonTest.CarbonRemoveMiddleCustomBinary
[       OK ] CarbonTest.CarbonRemoveMiddleCustomBinary (0 ms)
[ RUN      ] CarbonTest.CarbonRemoveArrayToEmpty
[       OK ] CarbonTest.CarbonRemoveArrayToEmpty (0 ms)
[ RUN      ] CarbonTest.CarbonRemoveFirstArray
[       OK ] CarbonTest.CarbonRemoveFirstArray (0 ms)
[ RUN      ] CarbonTest.CarbonRemoveLastArray
[       OK ] CarbonTest.CarbonRemoveLastArray (0 ms)
[ RUN      ] CarbonTest.CarbonRemoveMiddleArray
[       OK ] CarbonTest.CarbonRemoveMiddleArray (0 ms)
[ RUN      ] CarbonTest.CarbonColumnRemoveTest
[       OK ] CarbonTest.CarbonColumnRemoveTest (0 ms)
[ RUN      ] CarbonTest.CarbonRemoveComplexTest
[       OK ] CarbonTest.CarbonRemoveComplexTest (0 ms)
[ RUN      ] CarbonTest.CarbonUpdateMixedFixedTypesTypeChangeSimple
[       OK ] CarbonTest.CarbonUpdateMixedFixedTypesTypeChangeSimple (0 ms)
[ RUN      ] CarbonTest.CarbonShrinkIssueFix
[       OK ] CarbonTest.CarbonShrinkIssueFix (0 ms)
[ RUN      ] CarbonTest.CarbonKeyTypeNoKey
[       OK ] CarbonTest.CarbonKeyTypeNoKey (0 ms)
[ RUN      ] CarbonTest.CarbonKeyTypeNoKeyNoRevInc
[       OK ] CarbonTest.CarbonKeyTypeNoKeyNoRevInc (0 ms)
[ RUN      ] CarbonTest.CarbonKeyTypeAutoKey
[       OK ] CarbonTest.CarbonKeyTypeAutoKey (0 ms)
[ RUN      ] CarbonTest.CarbonKeyTypeAutoKeyRevInc
[       OK ] CarbonTest.CarbonKeyTypeAutoKeyRevInc (0 ms)
[ RUN      ] CarbonTest.CarbonKeyTypeAutoKeyUpdate
[       OK ] CarbonTest.CarbonKeyTypeAutoKeyUpdate (0 ms)
[ RUN      ] CarbonTest.CarbonKeyTypeUnsignedKeyUpdate
[       OK ] CarbonTest.CarbonKeyTypeUnsignedKeyUpdate (0 ms)
[----------] 18 tests from CarbonTest (1 ms total)

[----------] Global test environment tear-down
[==========] 18 tests from 1 test suite ran. (1 ms total)
[  PASSED  ] 18 tests.
<end of output>
Test time =   0.16 sec
----------------------------------------------------------
Test Passed.
"test-carbon-part-4" end time: Jan 16 16:51 CET
"test-carbon-part-4" time elapsed: 00:00:00
----------------------------------------------------------

27/32 Testing: test-carbon-part-5
27/32 Test: test-carbon-part-5
Command: "/Users/marcus/git/karbonit/bin/test-carbon-part-5"
Directory: /Users/marcus/git/karbonit/tests/carbon
"test-carbon-part-5" start time: Jan 16 16:51 CET
Output:
----------------------------------------------------------
[==========] Running 34 tests from 1 test suite.
[----------] Global test environment set-up.
[----------] 34 tests from CarbonTest
[ RUN      ] CarbonTest.CarbonKeyTypeSignedKeyUpdate
[       OK ] CarbonTest.CarbonKeyTypeSignedKeyUpdate (1 ms)
[ RUN      ] CarbonTest.CarbonKeyTypeStringKeyUpdate
[       OK ] CarbonTest.CarbonKeyTypeStringKeyUpdate (0 ms)
[ RUN      ] CarbonTest.CarbonKeyTypeUnsignedKey
[       OK ] CarbonTest.CarbonKeyTypeUnsignedKey (0 ms)
[ RUN      ] CarbonTest.CarbonKeyTypeSignedKeyRevInc
[       OK ] CarbonTest.CarbonKeyTypeSignedKeyRevInc (8 ms)
[ RUN      ] CarbonTest.CarbonKeyTypeUnsignedKeyRevInc
[       OK ] CarbonTest.CarbonKeyTypeUnsignedKeyRevInc (0 ms)
[ RUN      ] CarbonTest.CarbonKeyTypeSignedKey
[       OK ] CarbonTest.CarbonKeyTypeSignedKey (0 ms)
[ RUN      ] CarbonTest.CarbonKeyTypeStringKey
[       OK ] CarbonTest.CarbonKeyTypeStringKey (0 ms)
[ RUN      ] CarbonTest.CarbonObjectInsertEmpty
[       OK ] CarbonTest.CarbonObjectInsertEmpty (0 ms)
[ RUN      ] CarbonTest.CarbonObjectInsertNull
[       OK ] CarbonTest.CarbonObjectInsertNull (0 ms)
[ RUN      ] CarbonTest.CarbonObjectInsertMultipleNulls
[       OK ] CarbonTest.CarbonObjectInsertMultipleNulls (0 ms)
[ RUN      ] CarbonTest.CarbonObjectInsertU8
[       OK ] CarbonTest.CarbonObjectInsertU8 (0 ms)
[ RUN      ] CarbonTest.CarbonObjectInsertMultipleU8s
[       OK ] CarbonTest.CarbonObjectInsertMultipleU8s (0 ms)
[ RUN      ] CarbonTest.CarbonObjectInsertU16
[       OK ] CarbonTest.CarbonObjectInsertU16 (0 ms)
[ RUN      ] CarbonTest.CarbonObjectInsertMultipleU16s
[       OK ] CarbonTest.CarbonObjectInsertMultipleU16s (0 ms)
[ RUN      ] CarbonTest.CarbonObjectInsertU32
[       OK ] CarbonTest.CarbonObjectInsertU32 (0 ms)
[ RUN      ] CarbonTest.CarbonObjectInsertMultipleU32s
[       OK ] CarbonTest.CarbonObjectInsertMultipleU32s (0 ms)
[ RUN      ] CarbonTest.CarbonObjectInsertU64
[       OK ] CarbonTest.CarbonObjectInsertU64 (0 ms)
[ RUN      ] CarbonTest.CarbonObjectInsertMultipleU64s
[       OK ] CarbonTest.CarbonObjectInsertMultipleU64s (0 ms)
[ RUN      ] CarbonTest.CarbonObjectInsertI8
[       OK ] CarbonTest.CarbonObjectInsertI8 (0 ms)
[ RUN      ] CarbonTest.CarbonObjectInsertMultipleI8s
[       OK ] CarbonTest.CarbonObjectInsertMultipleI8s (0 ms)
[ RUN      ] CarbonTest.CarbonObjectInsertI16
[       OK ] CarbonTest.CarbonObjectInsertI16 (0 ms)
[ RUN      ] CarbonTest.CarbonObjectInsertMultipleI16s
[       OK ] CarbonTest.CarbonObjectInsertMultipleI16s (0 ms)
[ RUN      ] CarbonTest.CarbonObjectInsertI32
[       OK ] CarbonTest.CarbonObjectInsertI32 (0 ms)
[ RUN      ] CarbonTest.CarbonObjectInsertMultipleI32s
[       OK ] CarbonTest.CarbonObjectInsertMultipleI32s (0 ms)
[ RUN      ] CarbonTest.CarbonObjectInsertI64
[       OK ] CarbonTest.CarbonObjectInsertI64 (0 ms)
[ RUN      ] CarbonTest.CarbonObjectInsertMultipleI64s
[       OK ] CarbonTest.CarbonObjectInsertMultipleI64s (0 ms)
[ RUN      ] CarbonTest.CarbonObjectInsertFloat
[       OK ] CarbonTest.CarbonObjectInsertFloat (0 ms)
[ RUN      ] CarbonTest.CarbonObjectInsertMultipleFloats
[       OK ] CarbonTest.CarbonObjectInsertMultipleFloats (0 ms)
[ RUN      ] CarbonTest.CarbonObjectInsertTrue
[       OK ] CarbonTest.CarbonObjectInsertTrue (0 ms)
[ RUN      ] CarbonTest.CarbonObjectInsertFalse
[       OK ] CarbonTest.CarbonObjectInsertFalse (0 ms)
[ RUN      ] CarbonTest.CarbonObjectInsertMultipleBooleans
[       OK ] CarbonTest.CarbonObjectInsertMultipleBooleans (0 ms)
[ RUN      ] CarbonTest.CarbonObjectInsertMixed
[       OK ] CarbonTest.CarbonObjectInsertMixed (0 ms)
[ RUN      ] CarbonTest.CarbonObjectInsertString
[       OK ] CarbonTest.CarbonObjectInsertString (0 ms)
[ RUN      ] CarbonTest.CarbonObjectInsertMultipleString
[       OK ] CarbonTest.CarbonObjectInsertMultipleString (0 ms)
[----------] 34 tests from CarbonTest (9 ms total)

[----------] Global test environment tear-down
[==========] 34 tests from 1 test suite ran. (9 ms total)
[  PASSED  ] 34 tests.
<end of output>
Test time =   0.17 sec
----------------------------------------------------------
Test Passed.
"test-carbon-part-5" end time: Jan 16 16:51 CET
"test-carbon-part-5" time elapsed: 00:00:00
----------------------------------------------------------

28/32 Testing: test-carbon-part-6
28/32 Test: test-carbon-part-6
Command: "/Users/marcus/git/karbonit/bin/test-carbon-part-6"
Directory: /Users/marcus/git/karbonit/tests/carbon
"test-carbon-part-6" start time: Jan 16 16:51 CET
Output:
----------------------------------------------------------
[==========] Running 1 test from 1 test suite.
[----------] Global test environment set-up.
[----------] 1 test from CarbonTest
[ RUN      ] CarbonTest.CarbonObjectInsertMultipleBinariesMixedTypes
[       OK ] CarbonTest.CarbonObjectInsertMultipleBinariesMixedTypes (1 ms)
[----------] 1 test from CarbonTest (1 ms total)

[----------] Global test environment tear-down
[==========] 1 test from 1 test suite ran. (1 ms total)
[  PASSED  ] 1 test.
<end of output>
Test time =   0.16 sec
----------------------------------------------------------
Test Passed.
"test-carbon-part-6" end time: Jan 16 16:51 CET
"test-carbon-part-6" time elapsed: 00:00:00
----------------------------------------------------------

29/32 Testing: test-carbon-part-7
29/32 Test: test-carbon-part-7
Command: "/Users/marcus/git/karbonit/bin/test-carbon-part-7"
Directory: /Users/marcus/git/karbonit/tests/carbon
"test-carbon-part-7" start time: Jan 16 16:51 CET
Output:
----------------------------------------------------------
[==========] Running 7 tests from 1 test suite.
[----------] Global test environment set-up.
[----------] 7 tests from CarbonTest
[ RUN      ] CarbonTest.CarbonObjectInsertPropDuringItAtIndex5
[       OK ] CarbonTest.CarbonObjectInsertPropDuringItAtIndex5 (0 ms)
[ RUN      ] CarbonTest.CarbonObjectRemovePropByKey
[       OK ] CarbonTest.CarbonObjectRemovePropByKey (0 ms)
[ RUN      ] CarbonTest.CarbonObjectRemovePropByKeyTypeObjectNonEmpty
[       OK ] CarbonTest.CarbonObjectRemovePropByKeyTypeObjectNonEmpty (0 ms)
[ RUN      ] CarbonTest.CarbonObjectRemovePropByKeyTypeArrayEmpty
[       OK ] CarbonTest.CarbonObjectRemovePropByKeyTypeArrayEmpty (0 ms)
[ RUN      ] CarbonTest.CarbonObjectRemovePropByKeyTypeArrayNonEmpty
[       OK ] CarbonTest.CarbonObjectRemovePropByKeyTypeArrayNonEmpty (0 ms)
[ RUN      ] CarbonTest.CarbonObjectRemovePropByKeyTypeColumnEmpty
[       OK ] CarbonTest.CarbonObjectRemovePropByKeyTypeColumnEmpty (0 ms)
[ RUN      ] CarbonTest.CarbonObjectRemovePropByKeyTypeObjectEmpty
[       OK ] CarbonTest.CarbonObjectRemovePropByKeyTypeObjectEmpty (0 ms)
[----------] 7 tests from CarbonTest (1 ms total)

[----------] Global test environment tear-down
[==========] 7 tests from 1 test suite ran. (1 ms total)
[  PASSED  ] 7 tests.
<end of output>
Test time =   0.16 sec
----------------------------------------------------------
Test Passed.
"test-carbon-part-7" end time: Jan 16 16:51 CET
"test-carbon-part-7" time elapsed: 00:00:00
----------------------------------------------------------

30/32 Testing: test-carbon-part-8
30/32 Test: test-carbon-part-8
Command: "/Users/marcus/git/karbonit/bin/test-carbon-part-8"
Directory: /Users/marcus/git/karbonit/tests/carbon
"test-carbon-part-8" start time: Jan 16 16:51 CET
Output:
----------------------------------------------------------
[==========] Running 29 tests from 1 test suite.
[----------] Global test environment set-up.
[----------] 29 tests from CarbonTest
[ RUN      ] CarbonTest.CarbonFromEmptyJson
[       OK ] CarbonTest.CarbonFromEmptyJson (0 ms)
[ RUN      ] CarbonTest.CarbonFromEmptyArray
[       OK ] CarbonTest.CarbonFromEmptyArray (0 ms)
[ RUN      ] CarbonTest.CarbonFromJsonNull
[       OK ] CarbonTest.CarbonFromJsonNull (0 ms)
[ RUN      ] CarbonTest.CarbonFromJsonTrue
[       OK ] CarbonTest.CarbonFromJsonTrue (0 ms)
[ RUN      ] CarbonTest.CarbonFromJsonFalse
[       OK ] CarbonTest.CarbonFromJsonFalse (0 ms)
[ RUN      ] CarbonTest.CarbonFromJsonNumberSigned
[       OK ] CarbonTest.CarbonFromJsonNumberSigned (0 ms)
[ RUN      ] CarbonTest.CarbonFromJsonNumberUnsigned
[       OK ] CarbonTest.CarbonFromJsonNumberUnsigned (0 ms)
[ RUN      ] CarbonTest.CarbonFromJsonNumberFloat
[       OK ] CarbonTest.CarbonFromJsonNumberFloat (1 ms)
[ RUN      ] CarbonTest.CarbonFromJsonString
[       OK ] CarbonTest.CarbonFromJsonString (0 ms)
[ RUN      ] CarbonTest.CarbonFromJsonObjectSingle
[       OK ] CarbonTest.CarbonFromJsonObjectSingle (0 ms)
[ RUN      ] CarbonTest.CarbonFromJsonObjectEmptyArrayProp
[       OK ] CarbonTest.CarbonFromJsonObjectEmptyArrayProp (0 ms)
[ RUN      ] CarbonTest.CarbonFromJsonObjectEmptyObjectProp
[       OK ] CarbonTest.CarbonFromJsonObjectEmptyObjectProp (0 ms)
[ RUN      ] CarbonTest.CarbonFromJsonObjectTrueProp
[       OK ] CarbonTest.CarbonFromJsonObjectTrueProp (0 ms)
[ RUN      ] CarbonTest.CarbonFromJsonObjectFalseProp
[       OK ] CarbonTest.CarbonFromJsonObjectFalseProp (0 ms)
[ RUN      ] CarbonTest.CarbonFromJsonObjectNullProp
[       OK ] CarbonTest.CarbonFromJsonObjectNullProp (0 ms)
[ RUN      ] CarbonTest.CarbonFromJsonObjectUnsignedProp
[       OK ] CarbonTest.CarbonFromJsonObjectUnsignedProp (0 ms)
[ RUN      ] CarbonTest.CarbonFromJsonObjectSignedProp
[       OK ] CarbonTest.CarbonFromJsonObjectSignedProp (0 ms)
[ RUN      ] CarbonTest.CarbonFromJsonObjectFloatProp
[       OK ] CarbonTest.CarbonFromJsonObjectFloatProp (0 ms)
[ RUN      ] CarbonTest.CarbonFromJsonColumnNumber
[       OK ] CarbonTest.CarbonFromJsonColumnNumber (0 ms)
[ RUN      ] CarbonTest.CarbonFromJsonColumnNullableNumber
[       OK ] CarbonTest.CarbonFromJsonColumnNullableNumber (0 ms)
[ RUN      ] CarbonTest.CarbonFromJsonNonColumn
[       OK ] CarbonTest.CarbonFromJsonNonColumn (0 ms)
[ RUN      ] CarbonTest.CarbonColumnOptimizeFix
[       OK ] CarbonTest.CarbonColumnOptimizeFix (0 ms)
[ RUN      ] CarbonTest.CarbonFromJsonExample
0.50msec/opp, 1984.1270 ops/sec
[       OK ] CarbonTest.CarbonFromJsonExample (5041 ms)
[ RUN      ] CarbonTest.CarbonFromJsonUnitArrayPrimitive
[       OK ] CarbonTest.CarbonFromJsonUnitArrayPrimitive (0 ms)
[ RUN      ] CarbonTest.CarbonFromJsonUnitArrayObject
[       OK ] CarbonTest.CarbonFromJsonUnitArrayObject (0 ms)
[ RUN      ] CarbonTest.CarbonFromJsonSimpleExample
[       OK ] CarbonTest.CarbonFromJsonSimpleExample (0 ms)
[ RUN      ] CarbonTest.CarbonFromJsonFromExcerpt
[       OK ] CarbonTest.CarbonFromJsonFromExcerpt (4 ms)
[ RUN      ] CarbonTest.CarbonResolveDotPathForObjects
[       OK ] CarbonTest.CarbonResolveDotPathForObjects (0 ms)
[ RUN      ] CarbonTest.CarbonResolveDotPathForObjectsBench
ops/sec
104838.7109
[       OK ] CarbonTest.CarbonResolveDotPathForObjectsBench (248 ms)
[----------] 29 tests from CarbonTest (5295 ms total)

[----------] Global test environment tear-down
[==========] 29 tests from 1 test suite ran. (5295 ms total)
[  PASSED  ] 29 tests.
<end of output>
Test time =   5.45 sec
----------------------------------------------------------
Test Passed.
"test-carbon-part-8" end time: Jan 16 16:51 CET
"test-carbon-part-8" time elapsed: 00:00:05
----------------------------------------------------------

31/32 Testing: test-carbon-part-9
31/32 Test: test-carbon-part-9
Command: "/Users/marcus/git/karbonit/bin/test-carbon-part-9"
Directory: /Users/marcus/git/karbonit/tests/carbon
"test-carbon-part-9" start time: Jan 16 16:51 CET
Output:
----------------------------------------------------------
[==========] Running 6 tests from 1 test suite.
[----------] Global test environment set-up.
[----------] 6 tests from CarbonTest
[ RUN      ] CarbonTest.CarbonFromJsonShortenedDotPath
[       OK ] CarbonTest.CarbonFromJsonShortenedDotPath (1 ms)
[ RUN      ] CarbonTest.CarbonFindPrint
00000000  3f 5b 74 5d                                      | ?[t]            |
[       OK ] CarbonTest.CarbonFindPrint (1 ms)
[ RUN      ] CarbonTest.CarbonFindPrintExamples
input: '{"x":{"y":[{"z":23}, {"z":null}]} }'
x			->	{"y":[{"z":23}, {"z":null}]}
x.y			->	[{"z":23}, {"z":null}]
x.z			->	undef
x.y.z		->	undef
x.y.0.z		->	23
x.y.0.z		->	null
[       OK ] CarbonTest.CarbonFindPrintExamples (0 ms)
[ RUN      ] CarbonTest.ParseBooleanArray
[       OK ] CarbonTest.ParseBooleanArray (0 ms)
[ RUN      ] CarbonTest.PathIndex
[?][0]
[a][](0x0)(2)(0xf)(0x34)
        [a][{](0x2)(3)(0x16)(0x19)(0x2a)
                    [P][n](0x3)
                    [P][1](0x8)(0x6)(3)(0x21)(0x24)(0x27)
                                [A][c](0xb)
                                [A][c](0xc)
                                [A][c](0xd)
                    [P][{](0x10)(0xe)(1)(0x30)
                                [P][s](0x15)(0x11)
        [a][{](0x26)(3)(0x3b)(0x3f)(0x44)
                    [P][c](0x29)(0x27)
                    [P][[](0x2d)(0x2b)(0)
                    [P][n](0x2f)00000000  3f 5b 7b 01 61 6e 01 62  31 03 03 01 02 03 01 63  | ?[{.an.b1......c|
00000010  7b 03 6d 73 67 73 0d 48  65 6c 6c 6f 2c 20 57 6f  | {.msgs.Hello,.Wo|
00000020  72 6c 64 21 7d 7d 7b 01  61 63 2a 01 62 5b 5d 01  | rld!}}{.ac*.b[].|
00000030  63 6e 7d 5d                                      | cn}]            |
00000000  3f 00 00 00 00 00 00 00  00 61 00 00 02 0f 34 61  | ?........a....4a|
00000010  7b 02 03 16 19 2a 50 6e  03 50 31 08 06 03 21 24  | {....*Pn.P1...!$|
00000020  27 41 63 0b 41 63 0c 41  63 0d 50 7b 10 0e 01 30  | 'Ac.Ac.Ac.P{...0|
00000030  50 73 15 11 61 7b 26 03  3b 3f 44 50 63 29 27 50  | Ps..a{&.;?DPc)'P|
00000040  5b 2d 2b 00 50 6e 2f 00  00 00 00 00 00 00 00 00  | [-+.Pn/.........|
00000050  00 00 00 00 00 00 00 00  00 00 00 00 00 00 00 00  | ................|
00000060  00 00 00 00 00 00 00 00  00 00 00 00 00 00 00 00  | ................|
00000070  00 00 00 00 00 00 00 00                           | ........        |
[       OK ] CarbonTest.PathIndex (1 ms)
[ RUN      ] CarbonTest.CommitHashStr
** ERROR **  Illegal arguments (5)
             in /Users/marcus/git/karbonit/src/karbonit/carbon/commit.c:102
             no details
** ERROR **  Illegal arguments (5)
             in /Users/marcus/git/karbonit/src/karbonit/carbon/commit.c:102
             no details
** ERROR **  Illegal arguments (5)
             in /Users/marcus/git/karbonit/src/karbonit/carbon/commit.c:102
             no details
** ERROR **  Illegal arguments (5)
             in /Users/marcus/git/karbonit/src/karbonit/carbon/commit.c:102
             no details
[       OK ] CarbonTest.CommitHashStr (0 ms)
[----------] 6 tests from CarbonTest (3 ms total)

[----------] Global test environment tear-down
[==========] 6 tests from 1 test suite ran. (3 ms total)
[  PASSED  ] 6 tests.
<end of output>
Test time =   0.16 sec
----------------------------------------------------------
Test Passed.
"test-carbon-part-9" end time: Jan 16 16:51 CET
"test-carbon-part-9" time elapsed: 00:00:00
----------------------------------------------------------

32/32 Testing: test-thread-pool
32/32 Test: test-thread-pool
Command: "/Users/marcus/git/karbonit/bin/test-thread-pool"
Directory: /Users/marcus/git/karbonit/tests/misc
"test-thread-pool" start time: Jan 16 16:51 CET
Output:
----------------------------------------------------------
[==========] Running 10 tests from 2 test suites.
[----------] Global test environment set-up.
[----------] 2 tests from PriorityQueue
[ RUN      ] PriorityQueue.IsEmpty
[       OK ] PriorityQueue.IsEmpty (0 ms)
[ RUN      ] PriorityQueue.PushPrio
[       OK ] PriorityQueue.PushPrio (0 ms)
[----------] 2 tests from PriorityQueue (0 ms total)

[----------] 8 tests from ThreadPool
[ RUN      ] ThreadPool.CreateThreadPool
[       OK ] ThreadPool.CreateThreadPool (0 ms)
[ RUN      ] ThreadPool.NAME
[       OK ] ThreadPool.NAME (0 ms)
[ RUN      ] ThreadPool.RESIZE
[       OK ] ThreadPool.RESIZE (0 ms)
[ RUN      ] ThreadPool.WAIT
[       OK ] ThreadPool.WAIT (17 ms)
[ RUN      ] ThreadPool.WAIT_FOR_ALL
[       OK ] ThreadPool.WAIT_FOR_ALL (10 ms)
[ RUN      ] ThreadPool.LIVE_RESIZE
[       OK ] ThreadPool.LIVE_RESIZE (7 ms)
[ RUN      ] ThreadPool.TASK_STATISTICS
[       OK ] ThreadPool.TASK_STATISTICS (10 ms)
[ RUN      ] ThreadPool.THREAD_STATISTICS
[       OK ] ThreadPool.THREAD_STATISTICS (15 ms)
[----------] 8 tests from ThreadPool (59 ms total)

[----------] Global test environment tear-down
[==========] 10 tests from 2 test suites ran. (59 ms total)
[  PASSED  ] 10 tests.
<end of output>
Test time =   0.21 sec
----------------------------------------------------------
Test Passed.
"test-thread-pool" end time: Jan 16 16:51 CET
"test-thread-pool" time elapsed: 00:00:00
----------------------------------------------------------

End testing: Jan 16 16:51 CET
